<robot generator="Robot 6.1.1 (Python 3.10.12)" generated="20241123 00:00:00.000" rpa="FALSE" schemaversion="4">
  <suite id="s1" name="gamma" source="/opt/ci/tests/gamma/gamma.robot">
    <kw name="Suite Setup" type="setup">
      <msg timestamp="20241123 00:00:00.000" level="INFO">Suite gamma initialized — team TeamAlpha</msg>
      <status status="PASS" starttime="20241123 00:00:00.000" endtime="20241123 00:00:00.110" />
    </kw>
    <test id="s1-t1" name="TC_Login_ValidCredentials">
      <tag>alpha_regression</tag>
      <tag>feature_login</tag>
      <tag>priority_high</tag>
      <kw name="Run Test Steps" library="SeleniumLibrary">
        <msg timestamp="20241123 00:00:00.510" level="INFO">Executing TC_Login_ValidCredentials</msg>
        <status status="PASS" starttime="20241123 00:00:00.310" endtime="20241123 00:00:03.062" />
      </kw>
      <status status="PASS" starttime="20241123 00:00:00.310" endtime="20241123 00:00:03.062" />
    </test>
    <test id="s1-t2" name="TC_Login_InvalidPassword">
      <tag>alpha_regression</tag>
      <tag>feature_login</tag>
      <tag>priority_high</tag>
      <kw name="Run Test Steps" library="SeleniumLibrary">
        <msg timestamp="20241123 00:00:03.385" level="INFO">Executing TC_Login_InvalidPassword</msg>
        <status status="PASS" starttime="20241123 00:00:03.185" endtime="20241123 00:00:07.282" />
      </kw>
      <status status="PASS" starttime="20241123 00:00:03.185" endtime="20241123 00:00:07.282" />
    </test>
    <test id="s1-t3" name="TC_Login_SessionTimeout">
      <tag>alpha_regression</tag>
      <tag>feature_login</tag>
      <tag>priority_high</tag>
      <kw name="Run Test Steps" library="SeleniumLibrary">
        <msg timestamp="20241123 00:00:07.710" level="INFO">Executing TC_Login_SessionTimeout</msg>
        <status status="PASS" starttime="20241123 00:00:07.510" endtime="20241123 00:00:08.787" />
      </kw>
      <status status="PASS" starttime="20241123 00:00:07.510" endtime="20241123 00:00:08.787" />
    </test>
    <test id="s1-t4" name="TC_Login_AccountLockout">
      <tag>alpha_regression</tag>
      <tag>feature_login</tag>
      <tag>priority_medium</tag>
      <kw name="Run Test Steps" library="SeleniumLibrary">
        <msg timestamp="20241123 00:00:09.148" level="INFO">Executing TC_Login_AccountLockout</msg>
        <status status="PASS" starttime="20241123 00:00:08.948" endtime="20241123 00:00:16.338" />
      </kw>
      <status status="PASS" starttime="20241123 00:00:08.948" endtime="20241123 00:00:16.338" />
    </test>
    <test id="s1-t5" name="TC_Login_MFAVerification">
      <tag>alpha_regression</tag>
      <tag>feature_login</tag>
      <tag>priority_high</tag>
      <kw name="Run Test Steps" library="SeleniumLibrary">
        <msg timestamp="20241123 00:00:16.795" level="INFO">Executing TC_Login_MFAVerification</msg>
        <status status="PASS" starttime="20241123 00:00:16.595" endtime="20241123 00:00:22.789" />
      </kw>
      <status status="PASS" starttime="20241123 00:00:16.595" endtime="20241123 00:00:22.789" />
    </test>
    <test id="s1-t6" name="TC_Dashboard_FilterByDate">
      <tag>alpha_regression</tag>
      <tag>feature_dashboard</tag>
      <tag>priority_medium</tag>
      <kw name="Run Test Steps" library="SeleniumLibrary">
        <msg timestamp="20241123 00:00:23.282" level="INFO">Executing TC_Dashboard_FilterByDate</msg>
        <status status="PASS" starttime="20241123 00:00:23.082" endtime="20241123 00:00:28.035" />
      </kw>
      <status status="PASS" starttime="20241123 00:00:23.082" endtime="20241123 00:00:28.035" />
    </test>
    <test id="s1-t7" name="TC_Dashboard_Pagination">
      <tag>alpha_regression</tag>
      <tag>feature_dashboard</tag>
      <tag>priority_medium</tag>
      <kw name="Run Test Steps" library="SeleniumLibrary">
        <msg timestamp="20241123 00:00:28.449" level="INFO">Executing TC_Dashboard_Pagination</msg>
        <status status="PASS" starttime="20241123 00:00:28.249" endtime="20241123 00:00:30.611" />
      </kw>
      <status status="PASS" starttime="20241123 00:00:28.249" endtime="20241123 00:00:30.611" />
    </test>
    <test id="s1-t8" name="TC_Dashboard_ExportChart">
      <tag>alpha_regression</tag>
      <tag>feature_dashboard</tag>
      <tag>priority_medium</tag>
      <kw name="Run Test Steps" library="SeleniumLibrary">
        <msg timestamp="20241123 00:00:31.055" level="INFO">Executing TC_Dashboard_ExportChart</msg>
        <status status="PASS" starttime="20241123 00:00:30.855" endtime="20241123 00:00:45.701" />
      </kw>
      <status status="PASS" starttime="20241123 00:00:30.855" endtime="20241123 00:00:45.701" />
    </test>
    <test id="s1-t9" name="TC_Dashboard_SearchBar">
      <tag>alpha_regression</tag>
      <tag>feature_dashboard</tag>
      <tag>priority_medium</tag>
      <kw name="Run Test Steps" library="SeleniumLibrary">
        <msg timestamp="20241123 00:00:46.169" level="INFO">Executing TC_Dashboard_SearchBar</msg>
        <status status="PASS" starttime="20241123 00:00:45.969" endtime="20241123 00:00:53.536" />
      </kw>
      <status status="PASS" starttime="20241123 00:00:45.969" endtime="20241123 00:00:53.536" />
    </test>
    <test id="s1-t10" name="TC_User_CreateAccount">
      <tag>alpha_regression</tag>
      <tag>feature_usermgmt</tag>
      <tag>priority_high</tag>
      <kw name="Run Test Steps" library="SeleniumLibrary">
        <msg timestamp="20241123 00:00:53.873" level="INFO">Executing TC_User_CreateAccount</msg>
        <status status="PASS" starttime="20241123 00:00:53.673" endtime="20241123 00:01:00.245" />
      </kw>
      <status status="PASS" starttime="20241123 00:00:53.673" endtime="20241123 00:01:00.245" />
    </test>
    <test id="s1-t11" name="TC_User_EditProfile">
      <tag>alpha_regression</tag>
      <tag>feature_usermgmt</tag>
      <tag>priority_medium</tag>
      <kw name="Run Test Steps" library="SeleniumLibrary">
        <msg timestamp="20241123 00:01:00.668" level="INFO">Executing TC_User_EditProfile</msg>
        <status status="PASS" starttime="20241123 00:01:00.468" endtime="20241123 00:01:08.524" />
      </kw>
      <status status="PASS" starttime="20241123 00:01:00.468" endtime="20241123 00:01:08.524" />
    </test>
    <test id="s1-t12" name="TC_User_DeleteAccount">
      <tag>alpha_regression</tag>
      <tag>feature_usermgmt</tag>
      <tag>priority_high</tag>
      <kw name="Run Test Steps" library="SeleniumLibrary">
        <msg timestamp="20241123 00:01:08.834" level="INFO">Executing TC_User_DeleteAccount</msg>
        <status status="PASS" starttime="20241123 00:01:08.634" endtime="20241123 00:01:11.431" />
      </kw>
      <status status="PASS" starttime="20241123 00:01:08.634" endtime="20241123 00:01:11.431" />
    </test>
    <test id="s1-t13" name="TC_User_PasswordReset">
      <tag>alpha_regression</tag>
      <tag>feature_usermgmt</tag>
      <tag>priority_medium</tag>
      <kw name="Run Test Steps" library="SeleniumLibrary">
        <msg timestamp="20241123 00:01:11.855" level="INFO">Executing TC_User_PasswordReset</msg>
        <status status="PASS" starttime="20241123 00:01:11.655" endtime="20241123 00:01:14.547" />
      </kw>
      <status status="PASS" starttime="20241123 00:01:11.655" endtime="20241123 00:01:14.547" />
    </test>
    <test id="s1-t14" name="TC_Login_SSORedirect">
      <tag>alpha_regression</tag>
      <tag>feature_login</tag>
      <tag>priority_high</tag>
      <kw name="Run Test Steps" library="SeleniumLibrary">
        <msg timestamp="20241123 00:01:14.914" level="INFO">Executing TC_Login_SSORedirect</msg>
        <msg timestamp="20241123 00:01:24.004" level="FAIL">Element 'progress-bar' still visible after 45s timeout</msg>
        <status status="FAIL" starttime="20241123 00:01:14.714" endtime="20241123 00:01:24.039" />
      </kw>
      <kw name="Wait Until Element Is Visible" library="BuiltIn">
        <msg timestamp="20241123 00:01:24.004" level="FAIL">Element 'progress-bar' still visible after 45s timeout</msg>
        <status status="FAIL" starttime="20241123 00:01:23.960" endtime="20241123 00:01:24.004" />
      </kw>
      <status status="FAIL" starttime="20241123 00:01:14.714" endtime="20241123 00:01:24.039">Element 'progress-bar' still visible after 45s timeout</status>
    </test>
    <test id="s1-t15" name="TC_Dashboard_LoadWidget">
      <tag>alpha_regression</tag>
      <tag>feature_dashboard</tag>
      <tag>priority_medium</tag>
      <kw name="Run Test Steps" library="SeleniumLibrary">
        <msg timestamp="20241123 00:01:24.350" level="INFO">Executing TC_Dashboard_LoadWidget</msg>
        <status status="PASS" starttime="20241123 00:01:24.150" endtime="20241123 00:01:25.641" />
      </kw>
      <status status="PASS" starttime="20241123 00:01:24.150" endtime="20241123 00:01:25.641" />
    </test>
    <test id="s1-t16" name="TC_Dashboard_RefreshData">
      <tag>alpha_regression</tag>
      <tag>feature_dashboard</tag>
      <tag>priority_medium</tag>
      <kw name="Run Test Steps" library="SeleniumLibrary">
        <msg timestamp="20241123 00:01:26.107" level="INFO">Executing TC_Dashboard_RefreshData</msg>
        <msg timestamp="20241123 00:01:41.489" level="FAIL">Expected HTTP status '201' but got '400' — Bad Request</msg>
        <status status="FAIL" starttime="20241123 00:01:25.907" endtime="20241123 00:01:41.510" />
      </kw>
      <kw name="Should Be Equal As Integers" library="BuiltIn">
        <msg timestamp="20241123 00:01:41.489" level="FAIL">Expected HTTP status '201' but got '400' — Bad Request</msg>
        <status status="FAIL" starttime="20241123 00:01:41.423" endtime="20241123 00:01:41.489" />
      </kw>
      <status status="FAIL" starttime="20241123 00:01:25.907" endtime="20241123 00:01:41.510">Expected HTTP status '201' but got '400' — Bad Request</status>
    </test>
    <test id="s1-t17" name="TC_User_BulkImport">
      <tag>alpha_regression</tag>
      <tag>feature_usermgmt</tag>
      <tag>priority_medium</tag>
      <kw name="Run Test Steps" library="SeleniumLibrary">
        <msg timestamp="20241123 00:01:41.949" level="INFO">Executing TC_User_BulkImport</msg>
        <msg timestamp="20241123 00:02:11.899" level="FAIL">CSV export contained 2 rows — expected at least 200 records for Oct 2024</msg>
        <status status="FAIL" starttime="20241123 00:01:41.749" endtime="20241123 00:02:11.937" />
      </kw>
      <kw name="Should Not Be Empty" library="BuiltIn">
        <msg timestamp="20241123 00:02:11.899" level="FAIL">CSV export contained 2 rows — expected at least 200 records for Oct 2024</msg>
        <status status="FAIL" starttime="20241123 00:02:11.871" endtime="20241123 00:02:11.899" />
      </kw>
      <status status="FAIL" starttime="20241123 00:01:41.749" endtime="20241123 00:02:11.937">CSV export contained 2 rows — expected at least 200 records for Oct 2024</status>
    </test>
    <test id="s1-t18" name="TC_User_RoleAssignment">
      <tag>alpha_regression</tag>
      <tag>feature_usermgmt</tag>
      <tag>priority_high</tag>
      <kw name="Run Test Steps" library="SeleniumLibrary">
        <msg timestamp="20241123 00:02:12.333" level="INFO">Executing TC_User_RoleAssignment</msg>
        <msg timestamp="20241123 00:02:27.627" level="FAIL">Expected HTTP status '201' but got '400' — Bad Request</msg>
        <status status="FAIL" starttime="20241123 00:02:12.133" endtime="20241123 00:02:27.663" />
      </kw>
      <kw name="Should Be Equal As Integers" library="BuiltIn">
        <msg timestamp="20241123 00:02:27.627" level="FAIL">Expected HTTP status '201' but got '400' — Bad Request</msg>
        <status status="FAIL" starttime="20241123 00:02:27.563" endtime="20241123 00:02:27.627" />
      </kw>
      <status status="FAIL" starttime="20241123 00:02:12.133" endtime="20241123 00:02:27.663">Expected HTTP status '201' but got '400' — Bad Request</status>
    </test>
    <test id="s1-t19" name="TC_User_BatchExport">
      <tag>alpha_regression</tag>
      <tag>feature_usermgmt</tag>
      <tag>priority_medium</tag>
      <kw name="Run Test Steps" library="SeleniumLibrary">
        <msg timestamp="20241123 00:02:28.086" level="INFO">Executing TC_User_BatchExport</msg>
        <msg timestamp="20241123 00:02:40.609" level="FAIL">Element with locator 'id=modal-confirm' not found after 3 retries</msg>
        <status status="FAIL" starttime="20241123 00:02:27.886" endtime="20241123 00:02:40.628" />
      </kw>
      <kw name="Click Element" library="BuiltIn">
        <msg timestamp="20241123 00:02:40.609" level="FAIL">Element with locator 'id=modal-confirm' not found after 3 retries</msg>
        <status status="FAIL" starttime="20241123 00:02:40.574" endtime="20241123 00:02:40.609" />
      </kw>
      <status status="FAIL" starttime="20241123 00:02:27.886" endtime="20241123 00:02:40.628">Element with locator 'id=modal-confirm' not found after 3 retries</status>
    </test>
    <test id="s1-t20" name="TC_Login_OAuthCallback">
      <tag>alpha_regression</tag>
      <tag>feature_login</tag>
      <tag>priority_high</tag>
      <kw name="Run Test Steps" library="SeleniumLibrary">
        <msg timestamp="20241123 00:02:41.059" level="INFO">Executing TC_Login_OAuthCallback</msg>
        <status status="PASS" starttime="20241123 00:02:40.859" endtime="20241123 00:02:46.756" />
      </kw>
      <status status="PASS" starttime="20241123 00:02:40.859" endtime="20241123 00:02:46.756" />
    </test>
    <status status="FAIL" starttime="20241123 00:00:00.000" endtime="20241123 00:02:46.910" passed="15" failed="5" />
  </suite>
  <statistics>
    <total>
      <stat pass="15" fail="5">All Tests</stat>
    </total>
    <tag>
      <stat pass="15" fail="5">alpha_regression</stat>
    </tag>
  </statistics>
  <errors />
</robot>