<robot generator="Robot 6.1.1 (Python 3.10.12)" generated="20241015 00:00:00.000" rpa="FALSE" schemaversion="4">
  <suite id="s1" name="alpha" source="/opt/ci/tests/alpha/alpha.robot">
    <kw name="Suite Setup" type="setup">
      <msg timestamp="20241015 00:00:00.000" level="INFO">Suite alpha initialized — team TeamAlpha</msg>
      <status status="PASS" starttime="20241015 00:00:00.000" endtime="20241015 00:00:00.110" />
    </kw>
    <test id="s1-t1" name="TC_Login_ValidCredentials">
      <tag>alpha_regression</tag>
      <tag>feature_login</tag>
      <tag>priority_high</tag>
      <kw name="Run Test Steps" library="SeleniumLibrary">
        <msg timestamp="20241015 00:00:00.510" level="INFO">Executing TC_Login_ValidCredentials</msg>
        <status status="PASS" starttime="20241015 00:00:00.310" endtime="20241015 00:00:05.720" />
      </kw>
      <status status="PASS" starttime="20241015 00:00:00.310" endtime="20241015 00:00:05.720" />
    </test>
    <test id="s1-t2" name="TC_Login_InvalidPassword">
      <tag>alpha_regression</tag>
      <tag>feature_login</tag>
      <tag>priority_high</tag>
      <kw name="Run Test Steps" library="SeleniumLibrary">
        <msg timestamp="20241015 00:00:06.192" level="INFO">Executing TC_Login_InvalidPassword</msg>
        <status status="PASS" starttime="20241015 00:00:05.992" endtime="20241015 00:00:12.660" />
      </kw>
      <status status="PASS" starttime="20241015 00:00:05.992" endtime="20241015 00:00:12.660" />
    </test>
    <test id="s1-t3" name="TC_Login_SessionTimeout">
      <tag>alpha_regression</tag>
      <tag>feature_login</tag>
      <tag>priority_high</tag>
      <kw name="Run Test Steps" library="SeleniumLibrary">
        <msg timestamp="20241015 00:00:13.027" level="INFO">Executing TC_Login_SessionTimeout</msg>
        <status status="PASS" starttime="20241015 00:00:12.827" endtime="20241015 00:00:18.294" />
      </kw>
      <status status="PASS" starttime="20241015 00:00:12.827" endtime="20241015 00:00:18.294" />
    </test>
    <test id="s1-t4" name="TC_Login_AccountLockout">
      <tag>alpha_regression</tag>
      <tag>feature_login</tag>
      <tag>priority_medium</tag>
      <kw name="Run Test Steps" library="SeleniumLibrary">
        <msg timestamp="20241015 00:00:18.757" level="INFO">Executing TC_Login_AccountLockout</msg>
        <status status="PASS" starttime="20241015 00:00:18.557" endtime="20241015 00:00:26.621" />
      </kw>
      <status status="PASS" starttime="20241015 00:00:18.557" endtime="20241015 00:00:26.621" />
    </test>
    <test id="s1-t5" name="TC_Login_MFAVerification">
      <tag>alpha_regression</tag>
      <tag>feature_login</tag>
      <tag>priority_high</tag>
      <kw name="Run Test Steps" library="SeleniumLibrary">
        <msg timestamp="20241015 00:00:26.948" level="INFO">Executing TC_Login_MFAVerification</msg>
        <msg timestamp="20241015 00:00:42.545" level="FAIL">Element 'session-token' still visible after 30s timeout</msg>
        <status status="FAIL" starttime="20241015 00:00:26.748" endtime="20241015 00:00:42.589" />
      </kw>
      <kw name="Wait Until Element Is Visible" library="BuiltIn">
        <msg timestamp="20241015 00:00:42.545" level="FAIL">Element 'session-token' still visible after 30s timeout</msg>
        <status status="FAIL" starttime="20241015 00:00:42.525" endtime="20241015 00:00:42.545" />
      </kw>
      <status status="FAIL" starttime="20241015 00:00:26.748" endtime="20241015 00:00:42.589">Element 'session-token' still visible after 30s timeout</status>
    </test>
    <test id="s1-t6" name="TC_Dashboard_FilterByDate">
      <tag>alpha_regression</tag>
      <tag>feature_dashboard</tag>
      <tag>priority_medium</tag>
      <kw name="Run Test Steps" library="SeleniumLibrary">
        <msg timestamp="20241015 00:00:43.054" level="INFO">Executing TC_Dashboard_FilterByDate</msg>
        <status status="PASS" starttime="20241015 00:00:42.854" endtime="20241015 00:00:44.515" />
      </kw>
      <status status="PASS" starttime="20241015 00:00:42.854" endtime="20241015 00:00:44.515" />
    </test>
    <test id="s1-t7" name="TC_Dashboard_Pagination">
      <tag>alpha_regression</tag>
      <tag>feature_dashboard</tag>
      <tag>priority_medium</tag>
      <kw name="Run Test Steps" library="SeleniumLibrary">
        <msg timestamp="20241015 00:00:44.933" level="INFO">Executing TC_Dashboard_Pagination</msg>
        <status status="PASS" starttime="20241015 00:00:44.733" endtime="20241015 00:00:52.572" />
      </kw>
      <status status="PASS" starttime="20241015 00:00:44.733" endtime="20241015 00:00:52.572" />
    </test>
    <test id="s1-t8" name="TC_Dashboard_ExportChart">
      <tag>alpha_regression</tag>
      <tag>feature_dashboard</tag>
      <tag>priority_medium</tag>
      <kw name="Run Test Steps" library="SeleniumLibrary">
        <msg timestamp="20241015 00:00:52.949" level="INFO">Executing TC_Dashboard_ExportChart</msg>
        <status status="PASS" starttime="20241015 00:00:52.749" endtime="20241015 00:00:57.047" />
      </kw>
      <status status="PASS" starttime="20241015 00:00:52.749" endtime="20241015 00:00:57.047" />
    </test>
    <test id="s1-t9" name="TC_Dashboard_SearchBar">
      <tag>alpha_regression</tag>
      <tag>feature_dashboard</tag>
      <tag>priority_medium</tag>
      <kw name="Run Test Steps" library="SeleniumLibrary">
        <msg timestamp="20241015 00:00:57.376" level="INFO">Executing TC_Dashboard_SearchBar</msg>
        <status status="PASS" starttime="20241015 00:00:57.176" endtime="20241015 00:00:59.396" />
      </kw>
      <status status="PASS" starttime="20241015 00:00:57.176" endtime="20241015 00:00:59.396" />
    </test>
    <test id="s1-t10" name="TC_User_CreateAccount">
      <tag>alpha_regression</tag>
      <tag>feature_usermgmt</tag>
      <tag>priority_high</tag>
      <kw name="Run Test Steps" library="SeleniumLibrary">
        <msg timestamp="20241015 00:00:59.705" level="INFO">Executing TC_User_CreateAccount</msg>
        <status status="PASS" starttime="20241015 00:00:59.505" endtime="20241015 00:01:02.927" />
      </kw>
      <status status="PASS" starttime="20241015 00:00:59.505" endtime="20241015 00:01:02.927" />
    </test>
    <test id="s1-t11" name="TC_User_EditProfile">
      <tag>alpha_regression</tag>
      <tag>feature_usermgmt</tag>
      <tag>priority_medium</tag>
      <kw name="Run Test Steps" library="SeleniumLibrary">
        <msg timestamp="20241015 00:01:03.353" level="INFO">Executing TC_User_EditProfile</msg>
        <status status="PASS" starttime="20241015 00:01:03.153" endtime="20241015 00:01:05.201" />
      </kw>
      <status status="PASS" starttime="20241015 00:01:03.153" endtime="20241015 00:01:05.201" />
    </test>
    <test id="s1-t12" name="TC_User_DeleteAccount">
      <tag>alpha_regression</tag>
      <tag>feature_usermgmt</tag>
      <tag>priority_high</tag>
      <kw name="Run Test Steps" library="SeleniumLibrary">
        <msg timestamp="20241015 00:01:05.561" level="INFO">Executing TC_User_DeleteAccount</msg>
        <status status="PASS" starttime="20241015 00:01:05.361" endtime="20241015 00:01:13.038" />
      </kw>
      <status status="PASS" starttime="20241015 00:01:05.361" endtime="20241015 00:01:13.038" />
    </test>
    <test id="s1-t13" name="TC_User_PasswordReset">
      <tag>alpha_regression</tag>
      <tag>feature_usermgmt</tag>
      <tag>priority_medium</tag>
      <kw name="Run Test Steps" library="SeleniumLibrary">
        <msg timestamp="20241015 00:01:13.372" level="INFO">Executing TC_User_PasswordReset</msg>
        <status status="PASS" starttime="20241015 00:01:13.172" endtime="20241015 00:01:17.209" />
      </kw>
      <status status="PASS" starttime="20241015 00:01:13.172" endtime="20241015 00:01:17.209" />
    </test>
    <test id="s1-t14" name="TC_Login_SSORedirect">
      <tag>alpha_regression</tag>
      <tag>feature_login</tag>
      <tag>priority_high</tag>
      <kw name="Run Test Steps" library="SeleniumLibrary">
        <msg timestamp="20241015 00:01:17.603" level="INFO">Executing TC_Login_SSORedirect</msg>
        <status status="PASS" starttime="20241015 00:01:17.403" endtime="20241015 00:01:23.498" />
      </kw>
      <status status="PASS" starttime="20241015 00:01:17.403" endtime="20241015 00:01:23.498" />
    </test>
    <test id="s1-t15" name="TC_Dashboard_LoadWidget">
      <tag>alpha_regression</tag>
      <tag>feature_dashboard</tag>
      <tag>priority_medium</tag>
      <kw name="Run Test Steps" library="SeleniumLibrary">
        <msg timestamp="20241015 00:01:23.988" level="INFO">Executing TC_Dashboard_LoadWidget</msg>
        <status status="PASS" starttime="20241015 00:01:23.788" endtime="20241015 00:01:30.072" />
      </kw>
      <status status="PASS" starttime="20241015 00:01:23.788" endtime="20241015 00:01:30.072" />
    </test>
    <test id="s1-t16" name="TC_Dashboard_RefreshData">
      <tag>alpha_regression</tag>
      <tag>feature_dashboard</tag>
      <tag>priority_medium</tag>
      <kw name="Run Test Steps" library="SeleniumLibrary">
        <msg timestamp="20241015 00:01:30.510" level="INFO">Executing TC_Dashboard_RefreshData</msg>
        <status status="PASS" starttime="20241015 00:01:30.310" endtime="20241015 00:01:34.570" />
      </kw>
      <status status="PASS" starttime="20241015 00:01:30.310" endtime="20241015 00:01:34.570" />
    </test>
    <test id="s1-t17" name="TC_User_BulkImport">
      <tag>alpha_regression</tag>
      <tag>feature_usermgmt</tag>
      <tag>priority_medium</tag>
      <kw name="Run Test Steps" library="SeleniumLibrary">
        <msg timestamp="20241015 00:01:35.060" level="INFO">Executing TC_User_BulkImport</msg>
        <msg timestamp="20241015 00:02:01.599" level="FAIL">CSV export contained 1 rows — expected at least 200 records for last 7 days</msg>
        <status status="FAIL" starttime="20241015 00:01:34.860" endtime="20241015 00:02:01.621" />
      </kw>
      <kw name="Should Not Be Empty" library="BuiltIn">
        <msg timestamp="20241015 00:02:01.599" level="FAIL">CSV export contained 1 rows — expected at least 200 records for last 7 days</msg>
        <status status="FAIL" starttime="20241015 00:02:01.569" endtime="20241015 00:02:01.599" />
      </kw>
      <status status="FAIL" starttime="20241015 00:01:34.860" endtime="20241015 00:02:01.621">CSV export contained 1 rows — expected at least 200 records for last 7 days</status>
    </test>
    <test id="s1-t18" name="TC_User_RoleAssignment">
      <tag>alpha_regression</tag>
      <tag>feature_usermgmt</tag>
      <tag>priority_high</tag>
      <kw name="Run Test Steps" library="SeleniumLibrary">
        <msg timestamp="20241015 00:02:02.097" level="INFO">Executing TC_User_RoleAssignment</msg>
        <msg timestamp="20241015 00:02:15.197" level="FAIL">CSV export contained 1 rows — expected at least 50 records for Q4 2024</msg>
        <status status="FAIL" starttime="20241015 00:02:01.897" endtime="20241015 00:02:15.236" />
      </kw>
      <kw name="Should Not Be Empty" library="BuiltIn">
        <msg timestamp="20241015 00:02:15.197" level="FAIL">CSV export contained 1 rows — expected at least 50 records for Q4 2024</msg>
        <status status="FAIL" starttime="20241015 00:02:15.145" endtime="20241015 00:02:15.197" />
      </kw>
      <status status="FAIL" starttime="20241015 00:02:01.897" endtime="20241015 00:02:15.236">CSV export contained 1 rows — expected at least 50 records for Q4 2024</status>
    </test>
    <test id="s1-t19" name="TC_User_BatchExport">
      <tag>alpha_regression</tag>
      <tag>feature_usermgmt</tag>
      <tag>priority_medium</tag>
      <kw name="Run Test Steps" library="SeleniumLibrary">
        <msg timestamp="20241015 00:02:15.627" level="INFO">Executing TC_User_BatchExport</msg>
        <status status="PASS" starttime="20241015 00:02:15.427" endtime="20241015 00:02:17.069" />
      </kw>
      <status status="PASS" starttime="20241015 00:02:15.427" endtime="20241015 00:02:17.069" />
    </test>
    <test id="s1-t20" name="TC_Login_OAuthCallback">
      <tag>alpha_regression</tag>
      <tag>feature_login</tag>
      <tag>priority_high</tag>
      <kw name="Run Test Steps" library="SeleniumLibrary">
        <msg timestamp="20241015 00:02:17.439" level="INFO">Executing TC_Login_OAuthCallback</msg>
        <msg timestamp="20241015 00:02:25.999" level="FAIL">Element with locator 'id=modal-confirm' not found after 3 retries</msg>
        <status status="FAIL" starttime="20241015 00:02:17.239" endtime="20241015 00:02:26.046" />
      </kw>
      <kw name="Click Element" library="BuiltIn">
        <msg timestamp="20241015 00:02:25.999" level="FAIL">Element with locator 'id=modal-confirm' not found after 3 retries</msg>
        <status status="FAIL" starttime="20241015 00:02:25.983" endtime="20241015 00:02:25.999" />
      </kw>
      <status status="FAIL" starttime="20241015 00:02:17.239" endtime="20241015 00:02:26.046">Element with locator 'id=modal-confirm' not found after 3 retries</status>
    </test>
    <status status="FAIL" starttime="20241015 00:00:00.000" endtime="20241015 00:02:26.310" passed="16" failed="4" />
  </suite>
  <statistics>
    <total>
      <stat pass="16" fail="4">All Tests</stat>
    </total>
    <tag>
      <stat pass="16" fail="4">alpha_regression</stat>
    </tag>
  </statistics>
  <errors />
</robot>