<robot generator="Robot 6.1.1 (Python 3.10.12)" generated="20241226 00:00:00.000" rpa="FALSE" schemaversion="4">
  <suite id="s1" name="gamma" source="/opt/ci/tests/gamma/gamma.robot">
    <kw name="Suite Setup" type="setup">
      <msg timestamp="20241226 00:00:00.000" level="INFO">Suite gamma initialized — team TeamAlpha</msg>
      <status status="PASS" starttime="20241226 00:00:00.000" endtime="20241226 00:00:00.110" />
    </kw>
    <test id="s1-t1" name="TC_Login_ValidCredentials">
      <tag>alpha_regression</tag>
      <tag>feature_login</tag>
      <tag>priority_high</tag>
      <kw name="Run Test Steps" library="SeleniumLibrary">
        <msg timestamp="20241226 00:00:00.510" level="INFO">Executing TC_Login_ValidCredentials</msg>
        <status status="PASS" starttime="20241226 00:00:00.310" endtime="20241226 00:00:06.457" />
      </kw>
      <status status="PASS" starttime="20241226 00:00:00.310" endtime="20241226 00:00:06.457" />
    </test>
    <test id="s1-t2" name="TC_Login_InvalidPassword">
      <tag>alpha_regression</tag>
      <tag>feature_login</tag>
      <tag>priority_high</tag>
      <kw name="Run Test Steps" library="SeleniumLibrary">
        <msg timestamp="20241226 00:00:06.760" level="INFO">Executing TC_Login_InvalidPassword</msg>
        <status status="PASS" starttime="20241226 00:00:06.560" endtime="20241226 00:00:08.760" />
      </kw>
      <status status="PASS" starttime="20241226 00:00:06.560" endtime="20241226 00:00:08.760" />
    </test>
    <test id="s1-t3" name="TC_Login_SessionTimeout">
      <tag>alpha_regression</tag>
      <tag>feature_login</tag>
      <tag>priority_high</tag>
      <kw name="Run Test Steps" library="SeleniumLibrary">
        <msg timestamp="20241226 00:00:09.132" level="INFO">Executing TC_Login_SessionTimeout</msg>
        <status status="PASS" starttime="20241226 00:00:08.932" endtime="20241226 00:00:12.855" />
      </kw>
      <status status="PASS" starttime="20241226 00:00:08.932" endtime="20241226 00:00:12.855" />
    </test>
    <test id="s1-t4" name="TC_Login_AccountLockout">
      <tag>alpha_regression</tag>
      <tag>feature_login</tag>
      <tag>priority_medium</tag>
      <kw name="Run Test Steps" library="SeleniumLibrary">
        <msg timestamp="20241226 00:00:13.279" level="INFO">Executing TC_Login_AccountLockout</msg>
        <status status="PASS" starttime="20241226 00:00:13.079" endtime="20241226 00:00:17.287" />
      </kw>
      <status status="PASS" starttime="20241226 00:00:13.079" endtime="20241226 00:00:17.287" />
    </test>
    <test id="s1-t5" name="TC_Login_MFAVerification">
      <tag>alpha_regression</tag>
      <tag>feature_login</tag>
      <tag>priority_high</tag>
      <kw name="Run Test Steps" library="SeleniumLibrary">
        <msg timestamp="20241226 00:00:17.628" level="INFO">Executing TC_Login_MFAVerification</msg>
        <status status="PASS" starttime="20241226 00:00:17.428" endtime="20241226 00:00:19.376" />
      </kw>
      <status status="PASS" starttime="20241226 00:00:17.428" endtime="20241226 00:00:19.376" />
    </test>
    <test id="s1-t6" name="TC_Dashboard_FilterByDate">
      <tag>alpha_regression</tag>
      <tag>feature_dashboard</tag>
      <tag>priority_medium</tag>
      <kw name="Run Test Steps" library="SeleniumLibrary">
        <msg timestamp="20241226 00:00:19.715" level="INFO">Executing TC_Dashboard_FilterByDate</msg>
        <status status="PASS" starttime="20241226 00:00:19.515" endtime="20241226 00:00:24.390" />
      </kw>
      <status status="PASS" starttime="20241226 00:00:19.515" endtime="20241226 00:00:24.390" />
    </test>
    <test id="s1-t7" name="TC_Dashboard_Pagination">
      <tag>alpha_regression</tag>
      <tag>feature_dashboard</tag>
      <tag>priority_medium</tag>
      <kw name="Run Test Steps" library="SeleniumLibrary">
        <msg timestamp="20241226 00:00:24.738" level="INFO">Executing TC_Dashboard_Pagination</msg>
        <status status="PASS" starttime="20241226 00:00:24.538" endtime="20241226 00:00:31.542" />
      </kw>
      <status status="PASS" starttime="20241226 00:00:24.538" endtime="20241226 00:00:31.542" />
    </test>
    <test id="s1-t8" name="TC_Dashboard_ExportChart">
      <tag>alpha_regression</tag>
      <tag>feature_dashboard</tag>
      <tag>priority_medium</tag>
      <kw name="Run Test Steps" library="SeleniumLibrary">
        <msg timestamp="20241226 00:00:31.985" level="INFO">Executing TC_Dashboard_ExportChart</msg>
        <status status="PASS" starttime="20241226 00:00:31.785" endtime="20241226 00:00:45.625" />
      </kw>
      <status status="PASS" starttime="20241226 00:00:31.785" endtime="20241226 00:00:45.625" />
    </test>
    <test id="s1-t9" name="TC_Dashboard_SearchBar">
      <tag>alpha_regression</tag>
      <tag>feature_dashboard</tag>
      <tag>priority_medium</tag>
      <kw name="Run Test Steps" library="SeleniumLibrary">
        <msg timestamp="20241226 00:00:46.059" level="INFO">Executing TC_Dashboard_SearchBar</msg>
        <status status="PASS" starttime="20241226 00:00:45.859" endtime="20241226 00:00:53.235" />
      </kw>
      <status status="PASS" starttime="20241226 00:00:45.859" endtime="20241226 00:00:53.235" />
    </test>
    <test id="s1-t10" name="TC_User_CreateAccount">
      <tag>alpha_regression</tag>
      <tag>feature_usermgmt</tag>
      <tag>priority_high</tag>
      <kw name="Run Test Steps" library="SeleniumLibrary">
        <msg timestamp="20241226 00:00:53.717" level="INFO">Executing TC_User_CreateAccount</msg>
        <status status="PASS" starttime="20241226 00:00:53.517" endtime="20241226 00:00:58.740" />
      </kw>
      <status status="PASS" starttime="20241226 00:00:53.517" endtime="20241226 00:00:58.740" />
    </test>
    <test id="s1-t11" name="TC_User_EditProfile">
      <tag>alpha_regression</tag>
      <tag>feature_usermgmt</tag>
      <tag>priority_medium</tag>
      <kw name="Run Test Steps" library="SeleniumLibrary">
        <msg timestamp="20241226 00:00:59.233" level="INFO">Executing TC_User_EditProfile</msg>
        <status status="PASS" starttime="20241226 00:00:59.033" endtime="20241226 00:01:06.092" />
      </kw>
      <status status="PASS" starttime="20241226 00:00:59.033" endtime="20241226 00:01:06.092" />
    </test>
    <test id="s1-t12" name="TC_User_DeleteAccount">
      <tag>alpha_regression</tag>
      <tag>feature_usermgmt</tag>
      <tag>priority_high</tag>
      <kw name="Run Test Steps" library="SeleniumLibrary">
        <msg timestamp="20241226 00:01:06.498" level="INFO">Executing TC_User_DeleteAccount</msg>
        <status status="PASS" starttime="20241226 00:01:06.298" endtime="20241226 00:01:10.860" />
      </kw>
      <status status="PASS" starttime="20241226 00:01:06.298" endtime="20241226 00:01:10.860" />
    </test>
    <test id="s1-t13" name="TC_User_PasswordReset">
      <tag>alpha_regression</tag>
      <tag>feature_usermgmt</tag>
      <tag>priority_medium</tag>
      <kw name="Run Test Steps" library="SeleniumLibrary">
        <msg timestamp="20241226 00:01:11.179" level="INFO">Executing TC_User_PasswordReset</msg>
        <status status="PASS" starttime="20241226 00:01:10.979" endtime="20241226 00:01:13.030" />
      </kw>
      <status status="PASS" starttime="20241226 00:01:10.979" endtime="20241226 00:01:13.030" />
    </test>
    <test id="s1-t14" name="TC_Login_SSORedirect">
      <tag>alpha_regression</tag>
      <tag>feature_login</tag>
      <tag>priority_high</tag>
      <kw name="Run Test Steps" library="SeleniumLibrary">
        <msg timestamp="20241226 00:01:13.363" level="INFO">Executing TC_Login_SSORedirect</msg>
        <status status="PASS" starttime="20241226 00:01:13.163" endtime="20241226 00:01:21.104" />
      </kw>
      <status status="PASS" starttime="20241226 00:01:13.163" endtime="20241226 00:01:21.104" />
    </test>
    <test id="s1-t15" name="TC_Dashboard_LoadWidget">
      <tag>alpha_regression</tag>
      <tag>feature_dashboard</tag>
      <tag>priority_medium</tag>
      <kw name="Run Test Steps" library="SeleniumLibrary">
        <msg timestamp="20241226 00:01:21.526" level="INFO">Executing TC_Dashboard_LoadWidget</msg>
        <status status="PASS" starttime="20241226 00:01:21.326" endtime="20241226 00:01:25.068" />
      </kw>
      <status status="PASS" starttime="20241226 00:01:21.326" endtime="20241226 00:01:25.068" />
    </test>
    <test id="s1-t16" name="TC_Dashboard_RefreshData">
      <tag>alpha_regression</tag>
      <tag>feature_dashboard</tag>
      <tag>priority_medium</tag>
      <kw name="Run Test Steps" library="SeleniumLibrary">
        <msg timestamp="20241226 00:01:25.544" level="INFO">Executing TC_Dashboard_RefreshData</msg>
        <status status="PASS" starttime="20241226 00:01:25.344" endtime="20241226 00:01:29.191" />
      </kw>
      <status status="PASS" starttime="20241226 00:01:25.344" endtime="20241226 00:01:29.191" />
    </test>
    <test id="s1-t17" name="TC_User_BulkImport">
      <tag>alpha_regression</tag>
      <tag>feature_usermgmt</tag>
      <tag>priority_medium</tag>
      <kw name="Run Test Steps" library="SeleniumLibrary">
        <msg timestamp="20241226 00:01:29.604" level="INFO">Executing TC_User_BulkImport</msg>
        <status status="PASS" starttime="20241226 00:01:29.404" endtime="20241226 00:02:04.522" />
      </kw>
      <status status="PASS" starttime="20241226 00:01:29.404" endtime="20241226 00:02:04.522" />
    </test>
    <test id="s1-t18" name="TC_User_RoleAssignment">
      <tag>alpha_regression</tag>
      <tag>feature_usermgmt</tag>
      <tag>priority_high</tag>
      <kw name="Run Test Steps" library="SeleniumLibrary">
        <msg timestamp="20241226 00:02:04.974" level="INFO">Executing TC_User_RoleAssignment</msg>
        <msg timestamp="20241226 00:02:24.488" level="FAIL">Expected HTTP status '201' but got '400' — Bad Request</msg>
        <status status="FAIL" starttime="20241226 00:02:04.774" endtime="20241226 00:02:24.494" />
      </kw>
      <kw name="Should Be Equal As Integers" library="BuiltIn">
        <msg timestamp="20241226 00:02:24.488" level="FAIL">Expected HTTP status '201' but got '400' — Bad Request</msg>
        <status status="FAIL" starttime="20241226 00:02:24.397" endtime="20241226 00:02:24.488" />
      </kw>
      <status status="FAIL" starttime="20241226 00:02:04.774" endtime="20241226 00:02:24.494">Expected HTTP status '201' but got '400' — Bad Request</status>
    </test>
    <test id="s1-t19" name="TC_User_BatchExport">
      <tag>alpha_regression</tag>
      <tag>feature_usermgmt</tag>
      <tag>priority_medium</tag>
      <kw name="Run Test Steps" library="SeleniumLibrary">
        <msg timestamp="20241226 00:02:24.824" level="INFO">Executing TC_User_BatchExport</msg>
        <msg timestamp="20241226 00:02:40.997" level="FAIL">CSV export contained 0 rows — expected at least 100 records for last 30 days</msg>
        <status status="FAIL" starttime="20241226 00:02:24.624" endtime="20241226 00:02:41.015" />
      </kw>
      <kw name="Should Not Be Empty" library="BuiltIn">
        <msg timestamp="20241226 00:02:40.997" level="FAIL">CSV export contained 0 rows — expected at least 100 records for last 30 days</msg>
        <status status="FAIL" starttime="20241226 00:02:40.957" endtime="20241226 00:02:40.997" />
      </kw>
      <status status="FAIL" starttime="20241226 00:02:24.624" endtime="20241226 00:02:41.015">CSV export contained 0 rows — expected at least 100 records for last 30 days</status>
    </test>
    <test id="s1-t20" name="TC_Login_OAuthCallback">
      <tag>alpha_regression</tag>
      <tag>feature_login</tag>
      <tag>priority_high</tag>
      <kw name="Run Test Steps" library="SeleniumLibrary">
        <msg timestamp="20241226 00:02:41.335" level="INFO">Executing TC_Login_OAuthCallback</msg>
        <msg timestamp="20241226 00:02:58.034" level="FAIL">Element 'loading-spinner' still visible after 45s timeout</msg>
        <status status="FAIL" starttime="20241226 00:02:41.135" endtime="20241226 00:02:58.066" />
      </kw>
      <kw name="Wait Until Element Is Visible" library="BuiltIn">
        <msg timestamp="20241226 00:02:58.034" level="FAIL">Element 'loading-spinner' still visible after 45s timeout</msg>
        <status status="FAIL" starttime="20241226 00:02:58.014" endtime="20241226 00:02:58.034" />
      </kw>
      <status status="FAIL" starttime="20241226 00:02:41.135" endtime="20241226 00:02:58.066">Element 'loading-spinner' still visible after 45s timeout</status>
    </test>
    <status status="FAIL" starttime="20241226 00:00:00.000" endtime="20241226 00:02:58.216" passed="17" failed="3" />
  </suite>
  <statistics>
    <total>
      <stat pass="17" fail="3">All Tests</stat>
    </total>
    <tag>
      <stat pass="17" fail="3">alpha_regression</stat>
    </tag>
  </statistics>
  <errors />
</robot>