<robot generator="Robot 6.1.1 (Python 3.10.12)" generated="20241208 00:00:00.000" rpa="FALSE" schemaversion="4">
  <suite id="s1" name="Suite_Regression_TeamAlpha" source="/opt/ci/tests/alpha/Suite_Regression_TeamAlpha.robot">
    <kw name="Suite Setup" type="setup">
      <msg timestamp="20241208 00:00:00.000" level="INFO">Suite Suite_Regression_TeamAlpha initialized — team TeamAlpha</msg>
      <status status="PASS" starttime="20241208 00:00:00.000" endtime="20241208 00:00:00.110" />
    </kw>
    <test id="s1-t1" name="TC_Login_ValidCredentials">
      <tag>alpha_regression</tag>
      <tag>feature_login</tag>
      <tag>priority_high</tag>
      <kw name="Run Test Steps" library="SeleniumLibrary">
        <msg timestamp="20241208 00:00:00.510" level="INFO">Executing TC_Login_ValidCredentials</msg>
        <status status="PASS" starttime="20241208 00:00:00.310" endtime="20241208 00:00:06.518" />
      </kw>
      <status status="PASS" starttime="20241208 00:00:00.310" endtime="20241208 00:00:06.518" />
    </test>
    <test id="s1-t2" name="TC_Login_InvalidPassword">
      <tag>alpha_regression</tag>
      <tag>feature_login</tag>
      <tag>priority_high</tag>
      <kw name="Run Test Steps" library="SeleniumLibrary">
        <msg timestamp="20241208 00:00:06.988" level="INFO">Executing TC_Login_InvalidPassword</msg>
        <status status="PASS" starttime="20241208 00:00:06.788" endtime="20241208 00:00:12.208" />
      </kw>
      <status status="PASS" starttime="20241208 00:00:06.788" endtime="20241208 00:00:12.208" />
    </test>
    <test id="s1-t3" name="TC_Login_SessionTimeout">
      <tag>alpha_regression</tag>
      <tag>feature_login</tag>
      <tag>priority_high</tag>
      <kw name="Run Test Steps" library="SeleniumLibrary">
        <msg timestamp="20241208 00:00:12.662" level="INFO">Executing TC_Login_SessionTimeout</msg>
        <status status="PASS" starttime="20241208 00:00:12.462" endtime="20241208 00:00:15.841" />
      </kw>
      <status status="PASS" starttime="20241208 00:00:12.462" endtime="20241208 00:00:15.841" />
    </test>
    <test id="s1-t4" name="TC_Login_AccountLockout">
      <tag>alpha_regression</tag>
      <tag>feature_login</tag>
      <tag>priority_medium</tag>
      <kw name="Run Test Steps" library="SeleniumLibrary">
        <msg timestamp="20241208 00:00:16.163" level="INFO">Executing TC_Login_AccountLockout</msg>
        <status status="PASS" starttime="20241208 00:00:15.963" endtime="20241208 00:00:17.521" />
      </kw>
      <status status="PASS" starttime="20241208 00:00:15.963" endtime="20241208 00:00:17.521" />
    </test>
    <test id="s1-t5" name="TC_Login_MFAVerification">
      <tag>alpha_regression</tag>
      <tag>feature_login</tag>
      <tag>priority_high</tag>
      <kw name="Run Test Steps" library="SeleniumLibrary">
        <msg timestamp="20241208 00:00:17.927" level="INFO">Executing TC_Login_MFAVerification</msg>
        <msg timestamp="20241208 00:00:32.761" level="FAIL">Element 'session-token' still visible after 20s timeout</msg>
        <status status="FAIL" starttime="20241208 00:00:17.727" endtime="20241208 00:00:32.795" />
      </kw>
      <kw name="Wait Until Element Is Visible" library="BuiltIn">
        <msg timestamp="20241208 00:00:32.761" level="FAIL">Element 'session-token' still visible after 20s timeout</msg>
        <status status="FAIL" starttime="20241208 00:00:32.698" endtime="20241208 00:00:32.761" />
      </kw>
      <status status="FAIL" starttime="20241208 00:00:17.727" endtime="20241208 00:00:32.795">Element 'session-token' still visible after 20s timeout</status>
    </test>
    <test id="s1-t6" name="TC_Dashboard_FilterByDate">
      <tag>alpha_regression</tag>
      <tag>feature_dashboard</tag>
      <tag>priority_medium</tag>
      <kw name="Run Test Steps" library="SeleniumLibrary">
        <msg timestamp="20241208 00:00:33.243" level="INFO">Executing TC_Dashboard_FilterByDate</msg>
        <status status="PASS" starttime="20241208 00:00:33.043" endtime="20241208 00:00:36.872" />
      </kw>
      <status status="PASS" starttime="20241208 00:00:33.043" endtime="20241208 00:00:36.872" />
    </test>
    <test id="s1-t7" name="TC_Dashboard_Pagination">
      <tag>alpha_regression</tag>
      <tag>feature_dashboard</tag>
      <tag>priority_medium</tag>
      <kw name="Run Test Steps" library="SeleniumLibrary">
        <msg timestamp="20241208 00:00:37.181" level="INFO">Executing TC_Dashboard_Pagination</msg>
        <status status="PASS" starttime="20241208 00:00:36.981" endtime="20241208 00:00:38.861" />
      </kw>
      <status status="PASS" starttime="20241208 00:00:36.981" endtime="20241208 00:00:38.861" />
    </test>
    <test id="s1-t8" name="TC_Dashboard_ExportChart">
      <tag>alpha_regression</tag>
      <tag>feature_dashboard</tag>
      <tag>priority_medium</tag>
      <kw name="Run Test Steps" library="SeleniumLibrary">
        <msg timestamp="20241208 00:00:39.237" level="INFO">Executing TC_Dashboard_ExportChart</msg>
        <status status="PASS" starttime="20241208 00:00:39.037" endtime="20241208 00:00:52.005" />
      </kw>
      <status status="PASS" starttime="20241208 00:00:39.037" endtime="20241208 00:00:52.005" />
    </test>
    <test id="s1-t9" name="TC_Dashboard_SearchBar">
      <tag>alpha_regression</tag>
      <tag>feature_dashboard</tag>
      <tag>priority_medium</tag>
      <kw name="Run Test Steps" library="SeleniumLibrary">
        <msg timestamp="20241208 00:00:52.402" level="INFO">Executing TC_Dashboard_SearchBar</msg>
        <status status="PASS" starttime="20241208 00:00:52.202" endtime="20241208 00:00:59.390" />
      </kw>
      <status status="PASS" starttime="20241208 00:00:52.202" endtime="20241208 00:00:59.390" />
    </test>
    <test id="s1-t10" name="TC_User_CreateAccount">
      <tag>alpha_regression</tag>
      <tag>feature_usermgmt</tag>
      <tag>priority_high</tag>
      <kw name="Run Test Steps" library="SeleniumLibrary">
        <msg timestamp="20241208 00:00:59.884" level="INFO">Executing TC_User_CreateAccount</msg>
        <status status="PASS" starttime="20241208 00:00:59.684" endtime="20241208 00:01:04.003" />
      </kw>
      <status status="PASS" starttime="20241208 00:00:59.684" endtime="20241208 00:01:04.003" />
    </test>
    <test id="s1-t11" name="TC_User_EditProfile">
      <tag>alpha_regression</tag>
      <tag>feature_usermgmt</tag>
      <tag>priority_medium</tag>
      <kw name="Run Test Steps" library="SeleniumLibrary">
        <msg timestamp="20241208 00:01:04.443" level="INFO">Executing TC_User_EditProfile</msg>
        <status status="PASS" starttime="20241208 00:01:04.243" endtime="20241208 00:01:05.917" />
      </kw>
      <status status="PASS" starttime="20241208 00:01:04.243" endtime="20241208 00:01:05.917" />
    </test>
    <test id="s1-t12" name="TC_User_DeleteAccount">
      <tag>alpha_regression</tag>
      <tag>feature_usermgmt</tag>
      <tag>priority_high</tag>
      <kw name="Run Test Steps" library="SeleniumLibrary">
        <msg timestamp="20241208 00:01:06.337" level="INFO">Executing TC_User_DeleteAccount</msg>
        <status status="PASS" starttime="20241208 00:01:06.137" endtime="20241208 00:01:08.319" />
      </kw>
      <status status="PASS" starttime="20241208 00:01:06.137" endtime="20241208 00:01:08.319" />
    </test>
    <test id="s1-t13" name="TC_User_PasswordReset">
      <tag>alpha_regression</tag>
      <tag>feature_usermgmt</tag>
      <tag>priority_medium</tag>
      <kw name="Run Test Steps" library="SeleniumLibrary">
        <msg timestamp="20241208 00:01:08.796" level="INFO">Executing TC_User_PasswordReset</msg>
        <status status="PASS" starttime="20241208 00:01:08.596" endtime="20241208 00:01:16.070" />
      </kw>
      <status status="PASS" starttime="20241208 00:01:08.596" endtime="20241208 00:01:16.070" />
    </test>
    <test id="s1-t14" name="TC_Login_SSORedirect">
      <tag>alpha_regression</tag>
      <tag>feature_login</tag>
      <tag>priority_high</tag>
      <kw name="Run Test Steps" library="SeleniumLibrary">
        <msg timestamp="20241208 00:01:16.454" level="INFO">Executing TC_Login_SSORedirect</msg>
        <msg timestamp="20241208 00:01:31.537" level="FAIL">Element 'session-token' still visible after 15s timeout</msg>
        <status status="FAIL" starttime="20241208 00:01:16.254" endtime="20241208 00:01:31.548" />
      </kw>
      <kw name="Wait Until Element Is Visible" library="BuiltIn">
        <msg timestamp="20241208 00:01:31.537" level="FAIL">Element 'session-token' still visible after 15s timeout</msg>
        <status status="FAIL" starttime="20241208 00:01:31.462" endtime="20241208 00:01:31.537" />
      </kw>
      <status status="FAIL" starttime="20241208 00:01:16.254" endtime="20241208 00:01:31.548">Element 'session-token' still visible after 15s timeout</status>
    </test>
    <test id="s1-t15" name="TC_Dashboard_LoadWidget">
      <tag>alpha_regression</tag>
      <tag>feature_dashboard</tag>
      <tag>priority_medium</tag>
      <kw name="Run Test Steps" library="SeleniumLibrary">
        <msg timestamp="20241208 00:01:32.034" level="INFO">Executing TC_Dashboard_LoadWidget</msg>
        <status status="PASS" starttime="20241208 00:01:31.834" endtime="20241208 00:01:40.183" />
      </kw>
      <status status="PASS" starttime="20241208 00:01:31.834" endtime="20241208 00:01:40.183" />
    </test>
    <test id="s1-t16" name="TC_Dashboard_RefreshData">
      <tag>alpha_regression</tag>
      <tag>feature_dashboard</tag>
      <tag>priority_medium</tag>
      <kw name="Run Test Steps" library="SeleniumLibrary">
        <msg timestamp="20241208 00:01:40.618" level="INFO">Executing TC_Dashboard_RefreshData</msg>
        <status status="PASS" starttime="20241208 00:01:40.418" endtime="20241208 00:01:48.824" />
      </kw>
      <status status="PASS" starttime="20241208 00:01:40.418" endtime="20241208 00:01:48.824" />
    </test>
    <test id="s1-t17" name="TC_User_BulkImport">
      <tag>alpha_regression</tag>
      <tag>feature_usermgmt</tag>
      <tag>priority_medium</tag>
      <kw name="Run Test Steps" library="SeleniumLibrary">
        <msg timestamp="20241208 00:01:49.247" level="INFO">Executing TC_User_BulkImport</msg>
        <msg timestamp="20241208 00:02:33.855" level="FAIL">Expected HTTP status '201' but got '400' — Bad Request</msg>
        <status status="FAIL" starttime="20241208 00:01:49.047" endtime="20241208 00:02:33.887" />
      </kw>
      <kw name="Should Be Equal As Integers" library="BuiltIn">
        <msg timestamp="20241208 00:02:33.855" level="FAIL">Expected HTTP status '201' but got '400' — Bad Request</msg>
        <status status="FAIL" starttime="20241208 00:02:33.799" endtime="20241208 00:02:33.855" />
      </kw>
      <status status="FAIL" starttime="20241208 00:01:49.047" endtime="20241208 00:02:33.887">Expected HTTP status '201' but got '400' — Bad Request</status>
    </test>
    <test id="s1-t18" name="TC_User_RoleAssignment">
      <tag>alpha_regression</tag>
      <tag>feature_usermgmt</tag>
      <tag>priority_high</tag>
      <kw name="Run Test Steps" library="SeleniumLibrary">
        <msg timestamp="20241208 00:02:34.268" level="INFO">Executing TC_User_RoleAssignment</msg>
        <msg timestamp="20241208 00:02:47.871" level="FAIL">Expected HTTP status '200' but got '404' — Not Found</msg>
        <status status="FAIL" starttime="20241208 00:02:34.068" endtime="20241208 00:02:47.915" />
      </kw>
      <kw name="Should Be Equal As Integers" library="BuiltIn">
        <msg timestamp="20241208 00:02:47.871" level="FAIL">Expected HTTP status '200' but got '404' — Not Found</msg>
        <status status="FAIL" starttime="20241208 00:02:47.829" endtime="20241208 00:02:47.871" />
      </kw>
      <status status="FAIL" starttime="20241208 00:02:34.068" endtime="20241208 00:02:47.915">Expected HTTP status '200' but got '404' — Not Found</status>
    </test>
    <test id="s1-t19" name="TC_User_BatchExport">
      <tag>alpha_regression</tag>
      <tag>feature_usermgmt</tag>
      <tag>priority_medium</tag>
      <kw name="Run Test Steps" library="SeleniumLibrary">
        <msg timestamp="20241208 00:02:48.342" level="INFO">Executing TC_User_BatchExport</msg>
        <msg timestamp="20241208 00:03:04.404" level="FAIL">CSV export contained 0 rows — expected at least 200 records for last 30 days</msg>
        <status status="FAIL" starttime="20241208 00:02:48.142" endtime="20241208 00:03:04.454" />
      </kw>
      <kw name="Should Not Be Empty" library="BuiltIn">
        <msg timestamp="20241208 00:03:04.404" level="FAIL">CSV export contained 0 rows — expected at least 200 records for last 30 days</msg>
        <status status="FAIL" starttime="20241208 00:03:04.386" endtime="20241208 00:03:04.404" />
      </kw>
      <status status="FAIL" starttime="20241208 00:02:48.142" endtime="20241208 00:03:04.454">CSV export contained 0 rows — expected at least 200 records for last 30 days</status>
    </test>
    <test id="s1-t20" name="TC_Login_OAuthCallback">
      <tag>alpha_regression</tag>
      <tag>feature_login</tag>
      <tag>priority_high</tag>
      <kw name="Run Test Steps" library="SeleniumLibrary">
        <msg timestamp="20241208 00:03:04.803" level="INFO">Executing TC_Login_OAuthCallback</msg>
        <msg timestamp="20241208 00:03:11.010" level="FAIL">Element 'loading-spinner' still visible after 20s timeout</msg>
        <status status="FAIL" starttime="20241208 00:03:04.603" endtime="20241208 00:03:11.054" />
      </kw>
      <kw name="Wait Until Element Is Visible" library="BuiltIn">
        <msg timestamp="20241208 00:03:11.010" level="FAIL">Element 'loading-spinner' still visible after 20s timeout</msg>
        <status status="FAIL" starttime="20241208 00:03:10.978" endtime="20241208 00:03:11.010" />
      </kw>
      <status status="FAIL" starttime="20241208 00:03:04.603" endtime="20241208 00:03:11.054">Element 'loading-spinner' still visible after 20s timeout</status>
    </test>
    <status status="FAIL" starttime="20241208 00:00:00.000" endtime="20241208 00:03:11.259" passed="14" failed="6" />
  </suite>
  <statistics>
    <total>
      <stat pass="14" fail="6">All Tests</stat>
    </total>
    <tag>
      <stat pass="14" fail="6">alpha_regression</stat>
    </tag>
  </statistics>
  <errors />
</robot>