<robot generator="Robot 6.1.1 (Python 3.10.12)" generated="20241222 00:00:00.000" rpa="FALSE" schemaversion="4">
  <suite id="s1" name="gamma" source="/opt/ci/tests/gamma/gamma.robot">
    <kw name="Suite Setup" type="setup">
      <msg timestamp="20241222 00:00:00.000" level="INFO">Suite gamma initialized — team TeamAlpha</msg>
      <status status="PASS" starttime="20241222 00:00:00.000" endtime="20241222 00:00:00.110" />
    </kw>
    <test id="s1-t1" name="TC_Login_ValidCredentials">
      <tag>alpha_regression</tag>
      <tag>feature_login</tag>
      <tag>priority_high</tag>
      <kw name="Run Test Steps" library="SeleniumLibrary">
        <msg timestamp="20241222 00:00:00.510" level="INFO">Executing TC_Login_ValidCredentials</msg>
        <status status="PASS" starttime="20241222 00:00:00.310" endtime="20241222 00:00:06.052" />
      </kw>
      <status status="PASS" starttime="20241222 00:00:00.310" endtime="20241222 00:00:06.052" />
    </test>
    <test id="s1-t2" name="TC_Login_InvalidPassword">
      <tag>alpha_regression</tag>
      <tag>feature_login</tag>
      <tag>priority_high</tag>
      <kw name="Run Test Steps" library="SeleniumLibrary">
        <msg timestamp="20241222 00:00:06.524" level="INFO">Executing TC_Login_InvalidPassword</msg>
        <status status="PASS" starttime="20241222 00:00:06.324" endtime="20241222 00:00:14.425" />
      </kw>
      <status status="PASS" starttime="20241222 00:00:06.324" endtime="20241222 00:00:14.425" />
    </test>
    <test id="s1-t3" name="TC_Login_SessionTimeout">
      <tag>alpha_regression</tag>
      <tag>feature_login</tag>
      <tag>priority_high</tag>
      <kw name="Run Test Steps" library="SeleniumLibrary">
        <msg timestamp="20241222 00:00:14.741" level="INFO">Executing TC_Login_SessionTimeout</msg>
        <status status="PASS" starttime="20241222 00:00:14.541" endtime="20241222 00:00:17.116" />
      </kw>
      <status status="PASS" starttime="20241222 00:00:14.541" endtime="20241222 00:00:17.116" />
    </test>
    <test id="s1-t4" name="TC_Login_AccountLockout">
      <tag>alpha_regression</tag>
      <tag>feature_login</tag>
      <tag>priority_medium</tag>
      <kw name="Run Test Steps" library="SeleniumLibrary">
        <msg timestamp="20241222 00:00:17.533" level="INFO">Executing TC_Login_AccountLockout</msg>
        <status status="PASS" starttime="20241222 00:00:17.333" endtime="20241222 00:00:19.170" />
      </kw>
      <status status="PASS" starttime="20241222 00:00:17.333" endtime="20241222 00:00:19.170" />
    </test>
    <test id="s1-t5" name="TC_Login_MFAVerification">
      <tag>alpha_regression</tag>
      <tag>feature_login</tag>
      <tag>priority_high</tag>
      <kw name="Run Test Steps" library="SeleniumLibrary">
        <msg timestamp="20241222 00:00:19.570" level="INFO">Executing TC_Login_MFAVerification</msg>
        <status status="PASS" starttime="20241222 00:00:19.370" endtime="20241222 00:00:27.125" />
      </kw>
      <status status="PASS" starttime="20241222 00:00:19.370" endtime="20241222 00:00:27.125" />
    </test>
    <test id="s1-t6" name="TC_Dashboard_FilterByDate">
      <tag>alpha_regression</tag>
      <tag>feature_dashboard</tag>
      <tag>priority_medium</tag>
      <kw name="Run Test Steps" library="SeleniumLibrary">
        <msg timestamp="20241222 00:00:27.498" level="INFO">Executing TC_Dashboard_FilterByDate</msg>
        <status status="PASS" starttime="20241222 00:00:27.298" endtime="20241222 00:00:35.493" />
      </kw>
      <status status="PASS" starttime="20241222 00:00:27.298" endtime="20241222 00:00:35.493" />
    </test>
    <test id="s1-t7" name="TC_Dashboard_Pagination">
      <tag>alpha_regression</tag>
      <tag>feature_dashboard</tag>
      <tag>priority_medium</tag>
      <kw name="Run Test Steps" library="SeleniumLibrary">
        <msg timestamp="20241222 00:00:35.812" level="INFO">Executing TC_Dashboard_Pagination</msg>
        <status status="PASS" starttime="20241222 00:00:35.612" endtime="20241222 00:00:37.610" />
      </kw>
      <status status="PASS" starttime="20241222 00:00:35.612" endtime="20241222 00:00:37.610" />
    </test>
    <test id="s1-t8" name="TC_Dashboard_ExportChart">
      <tag>alpha_regression</tag>
      <tag>feature_dashboard</tag>
      <tag>priority_medium</tag>
      <kw name="Run Test Steps" library="SeleniumLibrary">
        <msg timestamp="20241222 00:00:37.980" level="INFO">Executing TC_Dashboard_ExportChart</msg>
        <status status="PASS" starttime="20241222 00:00:37.780" endtime="20241222 00:00:50.116" />
      </kw>
      <status status="PASS" starttime="20241222 00:00:37.780" endtime="20241222 00:00:50.116" />
    </test>
    <test id="s1-t9" name="TC_Dashboard_SearchBar">
      <tag>alpha_regression</tag>
      <tag>feature_dashboard</tag>
      <tag>priority_medium</tag>
      <kw name="Run Test Steps" library="SeleniumLibrary">
        <msg timestamp="20241222 00:00:50.453" level="INFO">Executing TC_Dashboard_SearchBar</msg>
        <status status="PASS" starttime="20241222 00:00:50.253" endtime="20241222 00:00:55.076" />
      </kw>
      <status status="PASS" starttime="20241222 00:00:50.253" endtime="20241222 00:00:55.076" />
    </test>
    <test id="s1-t10" name="TC_User_CreateAccount">
      <tag>alpha_regression</tag>
      <tag>feature_usermgmt</tag>
      <tag>priority_high</tag>
      <kw name="Run Test Steps" library="SeleniumLibrary">
        <msg timestamp="20241222 00:00:55.428" level="INFO">Executing TC_User_CreateAccount</msg>
        <status status="PASS" starttime="20241222 00:00:55.228" endtime="20241222 00:01:00.229" />
      </kw>
      <status status="PASS" starttime="20241222 00:00:55.228" endtime="20241222 00:01:00.229" />
    </test>
    <test id="s1-t11" name="TC_User_EditProfile">
      <tag>alpha_regression</tag>
      <tag>feature_usermgmt</tag>
      <tag>priority_medium</tag>
      <kw name="Run Test Steps" library="SeleniumLibrary">
        <msg timestamp="20241222 00:01:00.689" level="INFO">Executing TC_User_EditProfile</msg>
        <status status="PASS" starttime="20241222 00:01:00.489" endtime="20241222 00:01:01.855" />
      </kw>
      <status status="PASS" starttime="20241222 00:01:00.489" endtime="20241222 00:01:01.855" />
    </test>
    <test id="s1-t12" name="TC_User_DeleteAccount">
      <tag>alpha_regression</tag>
      <tag>feature_usermgmt</tag>
      <tag>priority_high</tag>
      <kw name="Run Test Steps" library="SeleniumLibrary">
        <msg timestamp="20241222 00:01:02.261" level="INFO">Executing TC_User_DeleteAccount</msg>
        <status status="PASS" starttime="20241222 00:01:02.061" endtime="20241222 00:01:10.339" />
      </kw>
      <status status="PASS" starttime="20241222 00:01:02.061" endtime="20241222 00:01:10.339" />
    </test>
    <test id="s1-t13" name="TC_User_PasswordReset">
      <tag>alpha_regression</tag>
      <tag>feature_usermgmt</tag>
      <tag>priority_medium</tag>
      <kw name="Run Test Steps" library="SeleniumLibrary">
        <msg timestamp="20241222 00:01:10.777" level="INFO">Executing TC_User_PasswordReset</msg>
        <status status="PASS" starttime="20241222 00:01:10.577" endtime="20241222 00:01:18.579" />
      </kw>
      <status status="PASS" starttime="20241222 00:01:10.577" endtime="20241222 00:01:18.579" />
    </test>
    <test id="s1-t14" name="TC_Login_SSORedirect">
      <tag>alpha_regression</tag>
      <tag>feature_login</tag>
      <tag>priority_high</tag>
      <kw name="Run Test Steps" library="SeleniumLibrary">
        <msg timestamp="20241222 00:01:19.000" level="INFO">Executing TC_Login_SSORedirect</msg>
        <status status="PASS" starttime="20241222 00:01:18.800" endtime="20241222 00:01:22.531" />
      </kw>
      <status status="PASS" starttime="20241222 00:01:18.800" endtime="20241222 00:01:22.531" />
    </test>
    <test id="s1-t15" name="TC_Dashboard_LoadWidget">
      <tag>alpha_regression</tag>
      <tag>feature_dashboard</tag>
      <tag>priority_medium</tag>
      <kw name="Run Test Steps" library="SeleniumLibrary">
        <msg timestamp="20241222 00:01:22.944" level="INFO">Executing TC_Dashboard_LoadWidget</msg>
        <status status="PASS" starttime="20241222 00:01:22.744" endtime="20241222 00:01:29.329" />
      </kw>
      <status status="PASS" starttime="20241222 00:01:22.744" endtime="20241222 00:01:29.329" />
    </test>
    <test id="s1-t16" name="TC_Dashboard_RefreshData">
      <tag>alpha_regression</tag>
      <tag>feature_dashboard</tag>
      <tag>priority_medium</tag>
      <kw name="Run Test Steps" library="SeleniumLibrary">
        <msg timestamp="20241222 00:01:29.634" level="INFO">Executing TC_Dashboard_RefreshData</msg>
        <status status="PASS" starttime="20241222 00:01:29.434" endtime="20241222 00:01:32.762" />
      </kw>
      <status status="PASS" starttime="20241222 00:01:29.434" endtime="20241222 00:01:32.762" />
    </test>
    <test id="s1-t17" name="TC_User_BulkImport">
      <tag>alpha_regression</tag>
      <tag>feature_usermgmt</tag>
      <tag>priority_medium</tag>
      <kw name="Run Test Steps" library="SeleniumLibrary">
        <msg timestamp="20241222 00:01:33.078" level="INFO">Executing TC_User_BulkImport</msg>
        <status status="PASS" starttime="20241222 00:01:32.878" endtime="20241222 00:02:01.054" />
      </kw>
      <status status="PASS" starttime="20241222 00:01:32.878" endtime="20241222 00:02:01.054" />
    </test>
    <test id="s1-t18" name="TC_User_RoleAssignment">
      <tag>alpha_regression</tag>
      <tag>feature_usermgmt</tag>
      <tag>priority_high</tag>
      <kw name="Run Test Steps" library="SeleniumLibrary">
        <msg timestamp="20241222 00:02:01.413" level="INFO">Executing TC_User_RoleAssignment</msg>
        <msg timestamp="20241222 00:02:18.658" level="FAIL">Expected HTTP status '201' but got '400' — Bad Request</msg>
        <status status="FAIL" starttime="20241222 00:02:01.213" endtime="20241222 00:02:18.704" />
      </kw>
      <kw name="Should Be Equal As Integers" library="BuiltIn">
        <msg timestamp="20241222 00:02:18.658" level="FAIL">Expected HTTP status '201' but got '400' — Bad Request</msg>
        <status status="FAIL" starttime="20241222 00:02:18.613" endtime="20241222 00:02:18.658" />
      </kw>
      <status status="FAIL" starttime="20241222 00:02:01.213" endtime="20241222 00:02:18.704">Expected HTTP status '201' but got '400' — Bad Request</status>
    </test>
    <test id="s1-t19" name="TC_User_BatchExport">
      <tag>alpha_regression</tag>
      <tag>feature_usermgmt</tag>
      <tag>priority_medium</tag>
      <kw name="Run Test Steps" library="SeleniumLibrary">
        <msg timestamp="20241222 00:02:19.087" level="INFO">Executing TC_User_BatchExport</msg>
        <status status="PASS" starttime="20241222 00:02:18.887" endtime="20241222 00:02:23.636" />
      </kw>
      <status status="PASS" starttime="20241222 00:02:18.887" endtime="20241222 00:02:23.636" />
    </test>
    <test id="s1-t20" name="TC_Login_OAuthCallback">
      <tag>alpha_regression</tag>
      <tag>feature_login</tag>
      <tag>priority_high</tag>
      <kw name="Run Test Steps" library="SeleniumLibrary">
        <msg timestamp="20241222 00:02:24.106" level="INFO">Executing TC_Login_OAuthCallback</msg>
        <msg timestamp="20241222 00:02:43.588" level="FAIL">Element 'progress-bar' still visible after 20s timeout</msg>
        <status status="FAIL" starttime="20241222 00:02:23.906" endtime="20241222 00:02:43.612" />
      </kw>
      <kw name="Wait Until Element Is Visible" library="BuiltIn">
        <msg timestamp="20241222 00:02:43.588" level="FAIL">Element 'progress-bar' still visible after 20s timeout</msg>
        <status status="FAIL" starttime="20241222 00:02:43.552" endtime="20241222 00:02:43.588" />
      </kw>
      <status status="FAIL" starttime="20241222 00:02:23.906" endtime="20241222 00:02:43.612">Element 'progress-bar' still visible after 20s timeout</status>
    </test>
    <status status="FAIL" starttime="20241222 00:00:00.000" endtime="20241222 00:02:43.778" passed="18" failed="2" />
  </suite>
  <statistics>
    <total>
      <stat pass="18" fail="2">All Tests</stat>
    </total>
    <tag>
      <stat pass="18" fail="2">alpha_regression</stat>
    </tag>
  </statistics>
  <errors />
</robot>