<robot generator="Robot 6.1.1 (Python 3.10.12)" generated="20241231 00:00:00.000" rpa="FALSE" schemaversion="4">
  <suite id="s1" name="Suite_Regression_TeamAlpha" source="/opt/ci/tests/alpha/Suite_Regression_TeamAlpha.robot">
    <kw name="Suite Setup" type="setup">
      <msg timestamp="20241231 00:00:00.000" level="INFO">Suite Suite_Regression_TeamAlpha initialized — team TeamAlpha</msg>
      <status status="PASS" starttime="20241231 00:00:00.000" endtime="20241231 00:00:00.110" />
    </kw>
    <test id="s1-t1" name="TC_Login_ValidCredentials">
      <tag>alpha_regression</tag>
      <tag>feature_login</tag>
      <tag>priority_high</tag>
      <kw name="Run Test Steps" library="SeleniumLibrary">
        <msg timestamp="20241231 00:00:00.510" level="INFO">Executing TC_Login_ValidCredentials</msg>
        <status status="PASS" starttime="20241231 00:00:00.310" endtime="20241231 00:00:02.712" />
      </kw>
      <status status="PASS" starttime="20241231 00:00:00.310" endtime="20241231 00:00:02.712" />
    </test>
    <test id="s1-t2" name="TC_Login_InvalidPassword">
      <tag>alpha_regression</tag>
      <tag>feature_login</tag>
      <tag>priority_high</tag>
      <kw name="Run Test Steps" library="SeleniumLibrary">
        <msg timestamp="20241231 00:00:03.175" level="INFO">Executing TC_Login_InvalidPassword</msg>
        <status status="PASS" starttime="20241231 00:00:02.975" endtime="20241231 00:00:08.064" />
      </kw>
      <status status="PASS" starttime="20241231 00:00:02.975" endtime="20241231 00:00:08.064" />
    </test>
    <test id="s1-t3" name="TC_Login_SessionTimeout">
      <tag>alpha_regression</tag>
      <tag>feature_login</tag>
      <tag>priority_high</tag>
      <kw name="Run Test Steps" library="SeleniumLibrary">
        <msg timestamp="20241231 00:00:08.521" level="INFO">Executing TC_Login_SessionTimeout</msg>
        <status status="PASS" starttime="20241231 00:00:08.321" endtime="20241231 00:00:15.746" />
      </kw>
      <status status="PASS" starttime="20241231 00:00:08.321" endtime="20241231 00:00:15.746" />
    </test>
    <test id="s1-t4" name="TC_Login_AccountLockout">
      <tag>alpha_regression</tag>
      <tag>feature_login</tag>
      <tag>priority_medium</tag>
      <kw name="Run Test Steps" library="SeleniumLibrary">
        <msg timestamp="20241231 00:00:16.157" level="INFO">Executing TC_Login_AccountLockout</msg>
        <status status="PASS" starttime="20241231 00:00:15.957" endtime="20241231 00:00:23.980" />
      </kw>
      <status status="PASS" starttime="20241231 00:00:15.957" endtime="20241231 00:00:23.980" />
    </test>
    <test id="s1-t5" name="TC_Login_MFAVerification">
      <tag>alpha_regression</tag>
      <tag>feature_login</tag>
      <tag>priority_high</tag>
      <kw name="Run Test Steps" library="SeleniumLibrary">
        <msg timestamp="20241231 00:00:24.466" level="INFO">Executing TC_Login_MFAVerification</msg>
        <status status="PASS" starttime="20241231 00:00:24.266" endtime="20241231 00:00:30.041" />
      </kw>
      <status status="PASS" starttime="20241231 00:00:24.266" endtime="20241231 00:00:30.041" />
    </test>
    <test id="s1-t6" name="TC_Dashboard_FilterByDate">
      <tag>alpha_regression</tag>
      <tag>feature_dashboard</tag>
      <tag>priority_medium</tag>
      <kw name="Run Test Steps" library="SeleniumLibrary">
        <msg timestamp="20241231 00:00:30.474" level="INFO">Executing TC_Dashboard_FilterByDate</msg>
        <status status="PASS" starttime="20241231 00:00:30.274" endtime="20241231 00:00:32.939" />
      </kw>
      <status status="PASS" starttime="20241231 00:00:30.274" endtime="20241231 00:00:32.939" />
    </test>
    <test id="s1-t7" name="TC_Dashboard_Pagination">
      <tag>alpha_regression</tag>
      <tag>feature_dashboard</tag>
      <tag>priority_medium</tag>
      <kw name="Run Test Steps" library="SeleniumLibrary">
        <msg timestamp="20241231 00:00:33.357" level="INFO">Executing TC_Dashboard_Pagination</msg>
        <status status="PASS" starttime="20241231 00:00:33.157" endtime="20241231 00:00:35.436" />
      </kw>
      <status status="PASS" starttime="20241231 00:00:33.157" endtime="20241231 00:00:35.436" />
    </test>
    <test id="s1-t8" name="TC_Dashboard_ExportChart">
      <tag>alpha_regression</tag>
      <tag>feature_dashboard</tag>
      <tag>priority_medium</tag>
      <kw name="Run Test Steps" library="SeleniumLibrary">
        <msg timestamp="20241231 00:00:35.774" level="INFO">Executing TC_Dashboard_ExportChart</msg>
        <status status="PASS" starttime="20241231 00:00:35.574" endtime="20241231 00:00:49.813" />
      </kw>
      <status status="PASS" starttime="20241231 00:00:35.574" endtime="20241231 00:00:49.813" />
    </test>
    <test id="s1-t9" name="TC_Dashboard_SearchBar">
      <tag>alpha_regression</tag>
      <tag>feature_dashboard</tag>
      <tag>priority_medium</tag>
      <kw name="Run Test Steps" library="SeleniumLibrary">
        <msg timestamp="20241231 00:00:50.308" level="INFO">Executing TC_Dashboard_SearchBar</msg>
        <status status="PASS" starttime="20241231 00:00:50.108" endtime="20241231 00:00:53.500" />
      </kw>
      <status status="PASS" starttime="20241231 00:00:50.108" endtime="20241231 00:00:53.500" />
    </test>
    <test id="s1-t10" name="TC_User_CreateAccount">
      <tag>alpha_regression</tag>
      <tag>feature_usermgmt</tag>
      <tag>priority_high</tag>
      <kw name="Run Test Steps" library="SeleniumLibrary">
        <msg timestamp="20241231 00:00:53.911" level="INFO">Executing TC_User_CreateAccount</msg>
        <status status="PASS" starttime="20241231 00:00:53.711" endtime="20241231 00:00:57.906" />
      </kw>
      <status status="PASS" starttime="20241231 00:00:53.711" endtime="20241231 00:00:57.906" />
    </test>
    <test id="s1-t11" name="TC_User_EditProfile">
      <tag>alpha_regression</tag>
      <tag>feature_usermgmt</tag>
      <tag>priority_medium</tag>
      <kw name="Run Test Steps" library="SeleniumLibrary">
        <msg timestamp="20241231 00:00:58.222" level="INFO">Executing TC_User_EditProfile</msg>
        <status status="PASS" starttime="20241231 00:00:58.022" endtime="20241231 00:01:03.850" />
      </kw>
      <status status="PASS" starttime="20241231 00:00:58.022" endtime="20241231 00:01:03.850" />
    </test>
    <test id="s1-t12" name="TC_User_DeleteAccount">
      <tag>alpha_regression</tag>
      <tag>feature_usermgmt</tag>
      <tag>priority_high</tag>
      <kw name="Run Test Steps" library="SeleniumLibrary">
        <msg timestamp="20241231 00:01:04.255" level="INFO">Executing TC_User_DeleteAccount</msg>
        <status status="PASS" starttime="20241231 00:01:04.055" endtime="20241231 00:01:07.204" />
      </kw>
      <status status="PASS" starttime="20241231 00:01:04.055" endtime="20241231 00:01:07.204" />
    </test>
    <test id="s1-t13" name="TC_User_PasswordReset">
      <tag>alpha_regression</tag>
      <tag>feature_usermgmt</tag>
      <tag>priority_medium</tag>
      <kw name="Run Test Steps" library="SeleniumLibrary">
        <msg timestamp="20241231 00:01:07.577" level="INFO">Executing TC_User_PasswordReset</msg>
        <status status="PASS" starttime="20241231 00:01:07.377" endtime="20241231 00:01:13.293" />
      </kw>
      <status status="PASS" starttime="20241231 00:01:07.377" endtime="20241231 00:01:13.293" />
    </test>
    <test id="s1-t14" name="TC_Login_SSORedirect">
      <tag>alpha_regression</tag>
      <tag>feature_login</tag>
      <tag>priority_high</tag>
      <kw name="Run Test Steps" library="SeleniumLibrary">
        <msg timestamp="20241231 00:01:13.658" level="INFO">Executing TC_Login_SSORedirect</msg>
        <status status="PASS" starttime="20241231 00:01:13.458" endtime="20241231 00:01:19.672" />
      </kw>
      <status status="PASS" starttime="20241231 00:01:13.458" endtime="20241231 00:01:19.672" />
    </test>
    <test id="s1-t15" name="TC_Dashboard_LoadWidget">
      <tag>alpha_regression</tag>
      <tag>feature_dashboard</tag>
      <tag>priority_medium</tag>
      <kw name="Run Test Steps" library="SeleniumLibrary">
        <msg timestamp="20241231 00:01:20.032" level="INFO">Executing TC_Dashboard_LoadWidget</msg>
        <status status="PASS" starttime="20241231 00:01:19.832" endtime="20241231 00:01:23.995" />
      </kw>
      <status status="PASS" starttime="20241231 00:01:19.832" endtime="20241231 00:01:23.995" />
    </test>
    <test id="s1-t16" name="TC_Dashboard_RefreshData">
      <tag>alpha_regression</tag>
      <tag>feature_dashboard</tag>
      <tag>priority_medium</tag>
      <kw name="Run Test Steps" library="SeleniumLibrary">
        <msg timestamp="20241231 00:01:24.324" level="INFO">Executing TC_Dashboard_RefreshData</msg>
        <msg timestamp="20241231 00:01:31.656" level="FAIL">CSV export contained 1 rows — expected at least 100 records for last 7 days</msg>
        <status status="FAIL" starttime="20241231 00:01:24.124" endtime="20241231 00:01:31.696" />
      </kw>
      <kw name="Should Not Be Empty" library="BuiltIn">
        <msg timestamp="20241231 00:01:31.656" level="FAIL">CSV export contained 1 rows — expected at least 100 records for last 7 days</msg>
        <status status="FAIL" starttime="20241231 00:01:31.619" endtime="20241231 00:01:31.656" />
      </kw>
      <status status="FAIL" starttime="20241231 00:01:24.124" endtime="20241231 00:01:31.696">CSV export contained 1 rows — expected at least 100 records for last 7 days</status>
    </test>
    <test id="s1-t17" name="TC_User_BulkImport">
      <tag>alpha_regression</tag>
      <tag>feature_usermgmt</tag>
      <tag>priority_medium</tag>
      <kw name="Run Test Steps" library="SeleniumLibrary">
        <msg timestamp="20241231 00:01:32.104" level="INFO">Executing TC_User_BulkImport</msg>
        <msg timestamp="20241231 00:02:10.427" level="FAIL">CSV export contained 0 rows — expected at least 50 records for Q4 2024</msg>
        <status status="FAIL" starttime="20241231 00:01:31.904" endtime="20241231 00:02:10.449" />
      </kw>
      <kw name="Should Not Be Empty" library="BuiltIn">
        <msg timestamp="20241231 00:02:10.427" level="FAIL">CSV export contained 0 rows — expected at least 50 records for Q4 2024</msg>
        <status status="FAIL" starttime="20241231 00:02:10.357" endtime="20241231 00:02:10.427" />
      </kw>
      <status status="FAIL" starttime="20241231 00:01:31.904" endtime="20241231 00:02:10.449">CSV export contained 0 rows — expected at least 50 records for Q4 2024</status>
    </test>
    <test id="s1-t18" name="TC_User_RoleAssignment">
      <tag>alpha_regression</tag>
      <tag>feature_usermgmt</tag>
      <tag>priority_high</tag>
      <kw name="Run Test Steps" library="SeleniumLibrary">
        <msg timestamp="20241231 00:02:10.889" level="INFO">Executing TC_User_RoleAssignment</msg>
        <msg timestamp="20241231 00:02:26.689" level="FAIL">CSV export contained 1 rows — expected at least 50 records for Oct 2024</msg>
        <status status="FAIL" starttime="20241231 00:02:10.689" endtime="20241231 00:02:26.699" />
      </kw>
      <kw name="Should Not Be Empty" library="BuiltIn">
        <msg timestamp="20241231 00:02:26.689" level="FAIL">CSV export contained 1 rows — expected at least 50 records for Oct 2024</msg>
        <status status="FAIL" starttime="20241231 00:02:26.629" endtime="20241231 00:02:26.689" />
      </kw>
      <status status="FAIL" starttime="20241231 00:02:10.689" endtime="20241231 00:02:26.699">CSV export contained 1 rows — expected at least 50 records for Oct 2024</status>
    </test>
    <test id="s1-t19" name="TC_User_BatchExport">
      <tag>alpha_regression</tag>
      <tag>feature_usermgmt</tag>
      <tag>priority_medium</tag>
      <kw name="Run Test Steps" library="SeleniumLibrary">
        <msg timestamp="20241231 00:02:27.153" level="INFO">Executing TC_User_BatchExport</msg>
        <status status="PASS" starttime="20241231 00:02:26.953" endtime="20241231 00:02:30.328" />
      </kw>
      <status status="PASS" starttime="20241231 00:02:26.953" endtime="20241231 00:02:30.328" />
    </test>
    <test id="s1-t20" name="TC_Login_OAuthCallback">
      <tag>alpha_regression</tag>
      <tag>feature_login</tag>
      <tag>priority_high</tag>
      <kw name="Run Test Steps" library="SeleniumLibrary">
        <msg timestamp="20241231 00:02:30.644" level="INFO">Executing TC_Login_OAuthCallback</msg>
        <status status="PASS" starttime="20241231 00:02:30.444" endtime="20241231 00:02:38.218" />
      </kw>
      <status status="PASS" starttime="20241231 00:02:30.444" endtime="20241231 00:02:38.218" />
    </test>
    <status status="FAIL" starttime="20241231 00:00:00.000" endtime="20241231 00:02:38.422" passed="17" failed="3" />
  </suite>
  <statistics>
    <total>
      <stat pass="17" fail="3">All Tests</stat>
    </total>
    <tag>
      <stat pass="17" fail="3">alpha_regression</stat>
    </tag>
  </statistics>
  <errors />
</robot>