<robot generator="Robot 6.1.1 (Python 3.10.12)" generated="20241202 00:00:00.000" rpa="FALSE" schemaversion="4">
  <suite id="s1" name="gamma" source="/opt/ci/tests/gamma/gamma.robot">
    <kw name="Suite Setup" type="setup">
      <msg timestamp="20241202 00:00:00.000" level="INFO">Suite gamma initialized — team TeamAlpha</msg>
      <status status="PASS" starttime="20241202 00:00:00.000" endtime="20241202 00:00:00.110" />
    </kw>
    <test id="s1-t1" name="TC_Login_ValidCredentials">
      <tag>alpha_regression</tag>
      <tag>feature_login</tag>
      <tag>priority_high</tag>
      <kw name="Run Test Steps" library="SeleniumLibrary">
        <msg timestamp="20241202 00:00:00.510" level="INFO">Executing TC_Login_ValidCredentials</msg>
        <status status="PASS" starttime="20241202 00:00:00.310" endtime="20241202 00:00:05.118" />
      </kw>
      <status status="PASS" starttime="20241202 00:00:00.310" endtime="20241202 00:00:05.118" />
    </test>
    <test id="s1-t2" name="TC_Login_InvalidPassword">
      <tag>alpha_regression</tag>
      <tag>feature_login</tag>
      <tag>priority_high</tag>
      <kw name="Run Test Steps" library="SeleniumLibrary">
        <msg timestamp="20241202 00:00:05.490" level="INFO">Executing TC_Login_InvalidPassword</msg>
        <status status="PASS" starttime="20241202 00:00:05.290" endtime="20241202 00:00:08.845" />
      </kw>
      <status status="PASS" starttime="20241202 00:00:05.290" endtime="20241202 00:00:08.845" />
    </test>
    <test id="s1-t3" name="TC_Login_SessionTimeout">
      <tag>alpha_regression</tag>
      <tag>feature_login</tag>
      <tag>priority_high</tag>
      <kw name="Run Test Steps" library="SeleniumLibrary">
        <msg timestamp="20241202 00:00:09.309" level="INFO">Executing TC_Login_SessionTimeout</msg>
        <status status="PASS" starttime="20241202 00:00:09.109" endtime="20241202 00:00:12.660" />
      </kw>
      <status status="PASS" starttime="20241202 00:00:09.109" endtime="20241202 00:00:12.660" />
    </test>
    <test id="s1-t4" name="TC_Login_AccountLockout">
      <tag>alpha_regression</tag>
      <tag>feature_login</tag>
      <tag>priority_medium</tag>
      <kw name="Run Test Steps" library="SeleniumLibrary">
        <msg timestamp="20241202 00:00:12.984" level="INFO">Executing TC_Login_AccountLockout</msg>
        <status status="PASS" starttime="20241202 00:00:12.784" endtime="20241202 00:00:17.803" />
      </kw>
      <status status="PASS" starttime="20241202 00:00:12.784" endtime="20241202 00:00:17.803" />
    </test>
    <test id="s1-t5" name="TC_Login_MFAVerification">
      <tag>alpha_regression</tag>
      <tag>feature_login</tag>
      <tag>priority_high</tag>
      <kw name="Run Test Steps" library="SeleniumLibrary">
        <msg timestamp="20241202 00:00:18.120" level="INFO">Executing TC_Login_MFAVerification</msg>
        <status status="PASS" starttime="20241202 00:00:17.920" endtime="20241202 00:00:19.440" />
      </kw>
      <status status="PASS" starttime="20241202 00:00:17.920" endtime="20241202 00:00:19.440" />
    </test>
    <test id="s1-t6" name="TC_Dashboard_FilterByDate">
      <tag>alpha_regression</tag>
      <tag>feature_dashboard</tag>
      <tag>priority_medium</tag>
      <kw name="Run Test Steps" library="SeleniumLibrary">
        <msg timestamp="20241202 00:00:19.773" level="INFO">Executing TC_Dashboard_FilterByDate</msg>
        <status status="PASS" starttime="20241202 00:00:19.573" endtime="20241202 00:00:22.077" />
      </kw>
      <status status="PASS" starttime="20241202 00:00:19.573" endtime="20241202 00:00:22.077" />
    </test>
    <test id="s1-t7" name="TC_Dashboard_Pagination">
      <tag>alpha_regression</tag>
      <tag>feature_dashboard</tag>
      <tag>priority_medium</tag>
      <kw name="Run Test Steps" library="SeleniumLibrary">
        <msg timestamp="20241202 00:00:22.385" level="INFO">Executing TC_Dashboard_Pagination</msg>
        <status status="PASS" starttime="20241202 00:00:22.185" endtime="20241202 00:00:24.860" />
      </kw>
      <status status="PASS" starttime="20241202 00:00:22.185" endtime="20241202 00:00:24.860" />
    </test>
    <test id="s1-t8" name="TC_Dashboard_ExportChart">
      <tag>alpha_regression</tag>
      <tag>feature_dashboard</tag>
      <tag>priority_medium</tag>
      <kw name="Run Test Steps" library="SeleniumLibrary">
        <msg timestamp="20241202 00:00:25.284" level="INFO">Executing TC_Dashboard_ExportChart</msg>
        <status status="PASS" starttime="20241202 00:00:25.084" endtime="20241202 00:00:37.659" />
      </kw>
      <status status="PASS" starttime="20241202 00:00:25.084" endtime="20241202 00:00:37.659" />
    </test>
    <test id="s1-t9" name="TC_Dashboard_SearchBar">
      <tag>alpha_regression</tag>
      <tag>feature_dashboard</tag>
      <tag>priority_medium</tag>
      <kw name="Run Test Steps" library="SeleniumLibrary">
        <msg timestamp="20241202 00:00:37.967" level="INFO">Executing TC_Dashboard_SearchBar</msg>
        <status status="PASS" starttime="20241202 00:00:37.767" endtime="20241202 00:00:43.135" />
      </kw>
      <status status="PASS" starttime="20241202 00:00:37.767" endtime="20241202 00:00:43.135" />
    </test>
    <test id="s1-t10" name="TC_User_CreateAccount">
      <tag>alpha_regression</tag>
      <tag>feature_usermgmt</tag>
      <tag>priority_high</tag>
      <kw name="Run Test Steps" library="SeleniumLibrary">
        <msg timestamp="20241202 00:00:43.534" level="INFO">Executing TC_User_CreateAccount</msg>
        <status status="PASS" starttime="20241202 00:00:43.334" endtime="20241202 00:00:49.337" />
      </kw>
      <status status="PASS" starttime="20241202 00:00:43.334" endtime="20241202 00:00:49.337" />
    </test>
    <test id="s1-t11" name="TC_User_EditProfile">
      <tag>alpha_regression</tag>
      <tag>feature_usermgmt</tag>
      <tag>priority_medium</tag>
      <kw name="Run Test Steps" library="SeleniumLibrary">
        <msg timestamp="20241202 00:00:49.771" level="INFO">Executing TC_User_EditProfile</msg>
        <status status="PASS" starttime="20241202 00:00:49.571" endtime="20241202 00:00:55.326" />
      </kw>
      <status status="PASS" starttime="20241202 00:00:49.571" endtime="20241202 00:00:55.326" />
    </test>
    <test id="s1-t12" name="TC_User_DeleteAccount">
      <tag>alpha_regression</tag>
      <tag>feature_usermgmt</tag>
      <tag>priority_high</tag>
      <kw name="Run Test Steps" library="SeleniumLibrary">
        <msg timestamp="20241202 00:00:55.777" level="INFO">Executing TC_User_DeleteAccount</msg>
        <status status="PASS" starttime="20241202 00:00:55.577" endtime="20241202 00:00:58.645" />
      </kw>
      <status status="PASS" starttime="20241202 00:00:55.577" endtime="20241202 00:00:58.645" />
    </test>
    <test id="s1-t13" name="TC_User_PasswordReset">
      <tag>alpha_regression</tag>
      <tag>feature_usermgmt</tag>
      <tag>priority_medium</tag>
      <kw name="Run Test Steps" library="SeleniumLibrary">
        <msg timestamp="20241202 00:00:59.038" level="INFO">Executing TC_User_PasswordReset</msg>
        <status status="PASS" starttime="20241202 00:00:58.838" endtime="20241202 00:01:01.649" />
      </kw>
      <status status="PASS" starttime="20241202 00:00:58.838" endtime="20241202 00:01:01.649" />
    </test>
    <test id="s1-t14" name="TC_Login_SSORedirect">
      <tag>alpha_regression</tag>
      <tag>feature_login</tag>
      <tag>priority_high</tag>
      <kw name="Run Test Steps" library="SeleniumLibrary">
        <msg timestamp="20241202 00:01:02.132" level="INFO">Executing TC_Login_SSORedirect</msg>
        <msg timestamp="20241202 00:01:17.917" level="FAIL">Element 'auth-redirect' still visible after 15s timeout</msg>
        <status status="FAIL" starttime="20241202 00:01:01.932" endtime="20241202 00:01:17.951" />
      </kw>
      <kw name="Wait Until Element Is Visible" library="BuiltIn">
        <msg timestamp="20241202 00:01:17.917" level="FAIL">Element 'auth-redirect' still visible after 15s timeout</msg>
        <status status="FAIL" starttime="20241202 00:01:17.861" endtime="20241202 00:01:17.917" />
      </kw>
      <status status="FAIL" starttime="20241202 00:01:01.932" endtime="20241202 00:01:17.951">Element 'auth-redirect' still visible after 15s timeout</status>
    </test>
    <test id="s1-t15" name="TC_Dashboard_LoadWidget">
      <tag>alpha_regression</tag>
      <tag>feature_dashboard</tag>
      <tag>priority_medium</tag>
      <kw name="Run Test Steps" library="SeleniumLibrary">
        <msg timestamp="20241202 00:01:18.266" level="INFO">Executing TC_Dashboard_LoadWidget</msg>
        <msg timestamp="20241202 00:01:34.292" level="FAIL">Element 'progress-bar' still visible after 15s timeout</msg>
        <status status="FAIL" starttime="20241202 00:01:18.066" endtime="20241202 00:01:34.336" />
      </kw>
      <kw name="Wait Until Element Is Visible" library="BuiltIn">
        <msg timestamp="20241202 00:01:34.292" level="FAIL">Element 'progress-bar' still visible after 15s timeout</msg>
        <status status="FAIL" starttime="20241202 00:01:34.269" endtime="20241202 00:01:34.292" />
      </kw>
      <status status="FAIL" starttime="20241202 00:01:18.066" endtime="20241202 00:01:34.336">Element 'progress-bar' still visible after 15s timeout</status>
    </test>
    <test id="s1-t16" name="TC_Dashboard_RefreshData">
      <tag>alpha_regression</tag>
      <tag>feature_dashboard</tag>
      <tag>priority_medium</tag>
      <kw name="Run Test Steps" library="SeleniumLibrary">
        <msg timestamp="20241202 00:01:34.771" level="INFO">Executing TC_Dashboard_RefreshData</msg>
        <msg timestamp="20241202 00:01:41.734" level="FAIL">Expected HTTP status '200' but got '404' — Not Found</msg>
        <status status="FAIL" starttime="20241202 00:01:34.571" endtime="20241202 00:01:41.772" />
      </kw>
      <kw name="Should Be Equal As Integers" library="BuiltIn">
        <msg timestamp="20241202 00:01:41.734" level="FAIL">Expected HTTP status '200' but got '404' — Not Found</msg>
        <status status="FAIL" starttime="20241202 00:01:41.716" endtime="20241202 00:01:41.734" />
      </kw>
      <status status="FAIL" starttime="20241202 00:01:34.571" endtime="20241202 00:01:41.772">Expected HTTP status '200' but got '404' — Not Found</status>
    </test>
    <test id="s1-t17" name="TC_User_BulkImport">
      <tag>alpha_regression</tag>
      <tag>feature_usermgmt</tag>
      <tag>priority_medium</tag>
      <kw name="Run Test Steps" library="SeleniumLibrary">
        <msg timestamp="20241202 00:01:42.097" level="INFO">Executing TC_User_BulkImport</msg>
        <msg timestamp="20241202 00:02:14.524" level="FAIL">CSV export contained 2 rows — expected at least 200 records for last 30 days</msg>
        <status status="FAIL" starttime="20241202 00:01:41.897" endtime="20241202 00:02:14.565" />
      </kw>
      <kw name="Should Not Be Empty" library="BuiltIn">
        <msg timestamp="20241202 00:02:14.524" level="FAIL">CSV export contained 2 rows — expected at least 200 records for last 30 days</msg>
        <status status="FAIL" starttime="20241202 00:02:14.475" endtime="20241202 00:02:14.524" />
      </kw>
      <status status="FAIL" starttime="20241202 00:01:41.897" endtime="20241202 00:02:14.565">CSV export contained 2 rows — expected at least 200 records for last 30 days</status>
    </test>
    <test id="s1-t18" name="TC_User_RoleAssignment">
      <tag>alpha_regression</tag>
      <tag>feature_usermgmt</tag>
      <tag>priority_high</tag>
      <kw name="Run Test Steps" library="SeleniumLibrary">
        <msg timestamp="20241202 00:02:14.910" level="INFO">Executing TC_User_RoleAssignment</msg>
        <msg timestamp="20241202 00:02:30.520" level="FAIL">CSV export contained 2 rows — expected at least 200 records for Q4 2024</msg>
        <status status="FAIL" starttime="20241202 00:02:14.710" endtime="20241202 00:02:30.568" />
      </kw>
      <kw name="Should Not Be Empty" library="BuiltIn">
        <msg timestamp="20241202 00:02:30.520" level="FAIL">CSV export contained 2 rows — expected at least 200 records for Q4 2024</msg>
        <status status="FAIL" starttime="20241202 00:02:30.489" endtime="20241202 00:02:30.520" />
      </kw>
      <status status="FAIL" starttime="20241202 00:02:14.710" endtime="20241202 00:02:30.568">CSV export contained 2 rows — expected at least 200 records for Q4 2024</status>
    </test>
    <test id="s1-t19" name="TC_User_BatchExport">
      <tag>alpha_regression</tag>
      <tag>feature_usermgmt</tag>
      <tag>priority_medium</tag>
      <kw name="Run Test Steps" library="SeleniumLibrary">
        <msg timestamp="20241202 00:02:31.047" level="INFO">Executing TC_User_BatchExport</msg>
        <msg timestamp="20241202 00:02:50.695" level="FAIL">CSV export contained 0 rows — expected at least 200 records for last 7 days</msg>
        <status status="FAIL" starttime="20241202 00:02:30.847" endtime="20241202 00:02:50.732" />
      </kw>
      <kw name="Should Not Be Empty" library="BuiltIn">
        <msg timestamp="20241202 00:02:50.695" level="FAIL">CSV export contained 0 rows — expected at least 200 records for last 7 days</msg>
        <status status="FAIL" starttime="20241202 00:02:50.661" endtime="20241202 00:02:50.695" />
      </kw>
      <status status="FAIL" starttime="20241202 00:02:30.847" endtime="20241202 00:02:50.732">CSV export contained 0 rows — expected at least 200 records for last 7 days</status>
    </test>
    <test id="s1-t20" name="TC_Login_OAuthCallback">
      <tag>alpha_regression</tag>
      <tag>feature_login</tag>
      <tag>priority_high</tag>
      <kw name="Run Test Steps" library="SeleniumLibrary">
        <msg timestamp="20241202 00:02:51.200" level="INFO">Executing TC_Login_OAuthCallback</msg>
        <status status="PASS" starttime="20241202 00:02:51.000" endtime="20241202 00:02:53.355" />
      </kw>
      <status status="PASS" starttime="20241202 00:02:51.000" endtime="20241202 00:02:53.355" />
    </test>
    <status status="FAIL" starttime="20241202 00:00:00.000" endtime="20241202 00:02:53.608" passed="14" failed="6" />
  </suite>
  <statistics>
    <total>
      <stat pass="14" fail="6">All Tests</stat>
    </total>
    <tag>
      <stat pass="14" fail="6">alpha_regression</stat>
    </tag>
  </statistics>
  <errors />
</robot>