<robot generator="Robot 6.1.1 (Python 3.10.12)" generated="20250102 00:00:00.000" rpa="FALSE" schemaversion="4">
  <suite id="s1" name="Suite_Regression_TeamAlpha" source="/opt/ci/tests/alpha/Suite_Regression_TeamAlpha.robot">
    <kw name="Suite Setup" type="setup">
      <msg timestamp="20250102 00:00:00.000" level="INFO">Suite Suite_Regression_TeamAlpha initialized — team TeamAlpha</msg>
      <status status="PASS" starttime="20250102 00:00:00.000" endtime="20250102 00:00:00.110"/>
    </kw>
    <test id="s1-t1" name="TC_Login_ValidCredentials">
      <tag>alpha_regression</tag>
      <tag>feature_login</tag>
      <tag>priority_high</tag>
      <kw name="Run Test Steps" library="SeleniumLibrary">
        <msg timestamp="20250102 00:00:00.510" level="INFO">Executing TC_Login_ValidCredentials</msg>
        <status status="PASS" starttime="20250102 00:00:00.310" endtime="20250102 00:00:02.112"/>
      </kw>
      <status status="PASS" starttime="20250102 00:00:00.310" endtime="20250102 00:00:02.112"/>
    </test>
    <test id="s1-t2" name="TC_Login_InvalidPassword">
      <tag>alpha_regression</tag>
      <tag>feature_login</tag>
      <tag>priority_high</tag>
      <kw name="Run Test Steps" library="SeleniumLibrary">
        <msg timestamp="20250102 00:00:02.520" level="INFO">Executing TC_Login_InvalidPassword</msg>
        <status status="PASS" starttime="20250102 00:00:02.320" endtime="20250102 00:00:04.498"/>
      </kw>
      <status status="PASS" starttime="20250102 00:00:02.320" endtime="20250102 00:00:04.498"/>
    </test>
    <test id="s1-t3" name="TC_Login_SessionTimeout">
      <tag>alpha_regression</tag>
      <tag>feature_login</tag>
      <tag>priority_high</tag>
      <kw name="Run Test Steps" library="SeleniumLibrary">
        <msg timestamp="20250102 00:00:04.967" level="INFO">Executing TC_Login_SessionTimeout</msg>
        <status status="PASS" starttime="20250102 00:00:04.767" endtime="20250102 00:00:07.126"/>
      </kw>
      <status status="PASS" starttime="20250102 00:00:04.767" endtime="20250102 00:00:07.126"/>
    </test>
    <test id="s1-t4" name="TC_Login_AccountLockout">
      <tag>alpha_regression</tag>
      <tag>feature_login</tag>
      <tag>priority_medium</tag>
      <kw name="Run Test Steps" library="SeleniumLibrary">
        <msg timestamp="20250102 00:00:07.578" level="INFO">Executing TC_Login_AccountLockout</msg>
        <status status="PASS" starttime="20250102 00:00:07.378" endtime="20250102 00:00:09.902"/>
      </kw>
      <status status="PASS" starttime="20250102 00:00:07.378" endtime="20250102 00:00:09.902"/>
    </test>
    <test id="s1-t5" name="TC_Login_MFAVerification">
      <tag>alpha_regression</tag>
      <tag>feature_login</tag>
      <tag>priority_high</tag>
      <kw name="Run Test Steps" library="SeleniumLibrary">
        <msg timestamp="20250102 00:00:10.295" level="INFO">Executing TC_Login_MFAVerification</msg>
        <msg level="FAIL">Element 'overlay-modal' still visible after 45s timeout</msg>
        <status status="FAIL" starttime="20250102 00:00:10.095" endtime="20250102 00:00:20.825"/>
      </kw>
      <status status="FAIL" starttime="20250102 00:00:10.095" endtime="20250102 00:00:20.825">Element 'overlay-modal' still visible after 45s timeout</status>
    </test>
    <test id="s1-t6" name="TC_Dashboard_FilterByDate">
      <tag>alpha_regression</tag>
      <tag>feature_dashboard</tag>
      <tag>priority_medium</tag>
      <kw name="Run Test Steps" library="SeleniumLibrary">
        <msg timestamp="20250102 00:00:21.315" level="INFO">Executing TC_Dashboard_FilterByDate</msg>
        <status status="PASS" starttime="20250102 00:00:21.115" endtime="20250102 00:00:22.842"/>
      </kw>
      <status status="PASS" starttime="20250102 00:00:21.115" endtime="20250102 00:00:22.842"/>
    </test>
    <test id="s1-t7" name="TC_Dashboard_Pagination">
      <tag>alpha_regression</tag>
      <tag>feature_dashboard</tag>
      <tag>priority_medium</tag>
      <kw name="Run Test Steps" library="SeleniumLibrary">
        <msg timestamp="20250102 00:00:23.218" level="INFO">Executing TC_Dashboard_Pagination</msg>
        <status status="PASS" starttime="20250102 00:00:23.018" endtime="20250102 00:00:25.356"/>
      </kw>
      <status status="PASS" starttime="20250102 00:00:23.018" endtime="20250102 00:00:25.356"/>
    </test>
    <test id="s1-t8" name="TC_Dashboard_ExportChart">
      <tag>alpha_regression</tag>
      <tag>feature_dashboard</tag>
      <tag>priority_medium</tag>
      <kw name="Run Test Steps" library="SeleniumLibrary">
        <msg timestamp="20250102 00:00:25.769" level="INFO">Executing TC_Dashboard_ExportChart</msg>
        <status status="PASS" starttime="20250102 00:00:25.569" endtime="20250102 00:00:31.109"/>
      </kw>
      <status status="PASS" starttime="20250102 00:00:25.569" endtime="20250102 00:00:31.109"/>
    </test>
    <test id="s1-t9" name="TC_Dashboard_SearchBar">
      <tag>alpha_regression</tag>
      <tag>feature_dashboard</tag>
      <tag>priority_medium</tag>
      <kw name="Run Test Steps" library="SeleniumLibrary">
        <msg timestamp="20250102 00:00:31.482" level="INFO">Executing TC_Dashboard_SearchBar</msg>
        <status status="PASS" starttime="20250102 00:00:31.282" endtime="20250102 00:00:32.685"/>
      </kw>
      <status status="PASS" starttime="20250102 00:00:31.282" endtime="20250102 00:00:32.685"/>
    </test>
    <test id="s1-t10" name="TC_User_CreateAccount">
      <tag>alpha_regression</tag>
      <tag>feature_usermgmt</tag>
      <tag>priority_high</tag>
      <kw name="Run Test Steps" library="SeleniumLibrary">
        <msg timestamp="20250102 00:00:33.149" level="INFO">Executing TC_User_CreateAccount</msg>
        <status status="PASS" starttime="20250102 00:00:32.949" endtime="20250102 00:00:34.648"/>
      </kw>
      <status status="PASS" starttime="20250102 00:00:32.949" endtime="20250102 00:00:34.648"/>
    </test>
    <test id="s1-t11" name="TC_User_EditProfile">
      <tag>alpha_regression</tag>
      <tag>feature_usermgmt</tag>
      <tag>priority_medium</tag>
      <kw name="Run Test Steps" library="SeleniumLibrary">
        <msg timestamp="20250102 00:00:35.076" level="INFO">Executing TC_User_EditProfile</msg>
        <status status="PASS" starttime="20250102 00:00:34.876" endtime="20250102 00:00:36.554"/>
      </kw>
      <status status="PASS" starttime="20250102 00:00:34.876" endtime="20250102 00:00:36.554"/>
    </test>
    <test id="s1-t12" name="TC_User_DeleteAccount">
      <tag>alpha_regression</tag>
      <tag>feature_usermgmt</tag>
      <tag>priority_high</tag>
      <kw name="Run Test Steps" library="SeleniumLibrary">
        <msg timestamp="20250102 00:00:36.962" level="INFO">Executing TC_User_DeleteAccount</msg>
        <status status="PASS" starttime="20250102 00:00:36.762" endtime="20250102 00:00:39.507"/>
      </kw>
      <status status="PASS" starttime="20250102 00:00:36.762" endtime="20250102 00:00:39.507"/>
    </test>
    <test id="s1-t13" name="TC_User_PasswordReset">
      <tag>alpha_regression</tag>
      <tag>feature_usermgmt</tag>
      <tag>priority_medium</tag>
      <kw name="Run Test Steps" library="SeleniumLibrary">
        <msg timestamp="20250102 00:00:39.948" level="INFO">Executing TC_User_PasswordReset</msg>
        <status status="PASS" starttime="20250102 00:00:39.748" endtime="20250102 00:00:42.170"/>
      </kw>
      <status status="PASS" starttime="20250102 00:00:39.748" endtime="20250102 00:00:42.170"/>
    </test>
    <test id="s1-t14" name="TC_Login_SSORedirect">
      <tag>alpha_regression</tag>
      <tag>feature_login</tag>
      <tag>priority_high</tag>
      <kw name="Run Test Steps" library="SeleniumLibrary">
        <msg timestamp="20250102 00:00:42.616" level="INFO">Executing TC_Login_SSORedirect</msg>
        <status status="PASS" starttime="20250102 00:00:42.416" endtime="20250102 00:00:44.346"/>
      </kw>
      <status status="PASS" starttime="20250102 00:00:42.416" endtime="20250102 00:00:44.346"/>
    </test>
    <test id="s1-t15" name="TC_Dashboard_LoadWidget">
      <tag>alpha_regression</tag>
      <tag>feature_dashboard</tag>
      <tag>priority_medium</tag>
      <kw name="Run Test Steps" library="SeleniumLibrary">
        <msg timestamp="20250102 00:00:44.669" level="INFO">Executing TC_Dashboard_LoadWidget</msg>
        <status status="PASS" starttime="20250102 00:00:44.469" endtime="20250102 00:00:45.984"/>
      </kw>
      <status status="PASS" starttime="20250102 00:00:44.469" endtime="20250102 00:00:45.984"/>
    </test>
    <test id="s1-t16" name="TC_Dashboard_RefreshData">
      <tag>alpha_regression</tag>
      <tag>feature_dashboard</tag>
      <tag>priority_medium</tag>
      <kw name="Run Test Steps" library="SeleniumLibrary">
        <msg timestamp="20250102 00:00:46.442" level="INFO">Executing TC_Dashboard_RefreshData</msg>
        <msg level="FAIL">CSV export contained 0 rows — expected at least 200 records for last 7 days</msg>
        <status status="FAIL" starttime="20250102 00:00:46.242" endtime="20250102 00:00:58.404"/>
      </kw>
      <status status="FAIL" starttime="20250102 00:00:46.242" endtime="20250102 00:00:58.404">CSV export contained 0 rows — expected at least 200 records for last 7 days</status>
    </test>
    <test id="s1-t17" name="TC_User_BulkImport">
      <tag>alpha_regression</tag>
      <tag>feature_usermgmt</tag>
      <tag>priority_medium</tag>
      <kw name="Run Test Steps" library="SeleniumLibrary">
        <msg timestamp="20250102 00:00:58.826" level="INFO">Executing TC_User_BulkImport</msg>
        <msg level="FAIL">Expected HTTP status '200' but got '503' — Service Unavailable</msg>
        <status status="FAIL" starttime="20250102 00:00:58.626" endtime="20250102 00:01:11.809"/>
      </kw>
      <status status="FAIL" starttime="20250102 00:00:58.626" endtime="20250102 00:01:11.809">Expected HTTP status '200' but got '503' — Service Unavailable</status>
    </test>
    <test id="s1-t18" name="TC_User_RoleAssignment">
      <tag>alpha_regression</tag>
      <tag>feature_usermgmt</tag>
      <tag>priority_high</tag>
      <kw name="Run Test Steps" library="SeleniumLibrary">
        <msg timestamp="20250102 00:01:12.158" level="INFO">Executing TC_User_RoleAssignment</msg>
        <msg level="FAIL">Expected HTTP status '200' but got '404' — Not Found</msg>
        <status status="FAIL" starttime="20250102 00:01:11.958" endtime="20250102 00:01:22.426"/>
      </kw>
      <status status="FAIL" starttime="20250102 00:01:11.958" endtime="20250102 00:01:22.426">Expected HTTP status '200' but got '404' — Not Found</status>
    </test>
    <test id="s1-t19" name="TC_User_BatchExport">
      <tag>alpha_regression</tag>
      <tag>feature_usermgmt</tag>
      <tag>priority_medium</tag>
      <kw name="Run Test Steps" library="SeleniumLibrary">
        <msg timestamp="20250102 00:01:22.798" level="INFO">Executing TC_User_BatchExport</msg>
        <msg level="FAIL">Element with locator 'id=submit-btn' not found after 7 retries</msg>
        <status status="FAIL" starttime="20250102 00:01:22.598" endtime="20250102 00:01:29.140"/>
      </kw>
      <status status="FAIL" starttime="20250102 00:01:22.598" endtime="20250102 00:01:29.140">Element with locator 'id=submit-btn' not found after 7 retries</status>
    </test>
    <test id="s1-t20" name="TC_Login_OAuthCallback">
      <tag>alpha_regression</tag>
      <tag>feature_login</tag>
      <tag>priority_high</tag>
      <kw name="Run Test Steps" library="SeleniumLibrary">
        <msg timestamp="20250102 00:01:29.491" level="INFO">Executing TC_Login_OAuthCallback</msg>
        <msg level="FAIL">Element 'session-token' still visible after 45s timeout</msg>
        <status status="FAIL" starttime="20250102 00:01:29.291" endtime="20250102 00:01:40.584"/>
      </kw>
      <status status="FAIL" starttime="20250102 00:01:29.291" endtime="20250102 00:01:40.584">Element 'session-token' still visible after 45s timeout</status>
    </test>
    <status status="FAIL" starttime="20250102 00:00:00.000" endtime="20250102 00:01:40.695" passed="14" failed="6"/>
  </suite>
  <statistics>
    <total>
      <stat pass="14" fail="6">All Tests</stat>
    </total>
    <tag>
      <stat pass="14" fail="6">alpha_regression</stat>
    </tag>
  </statistics>
  <errors/>
</robot>
