<robot generator="Robot 6.1.1 (Python 3.10.12)" generated="20241221 00:00:00.000" rpa="FALSE" schemaversion="4">
  <suite id="s1" name="Suite_Regression_TeamAlpha" source="/opt/ci/tests/alpha/Suite_Regression_TeamAlpha.robot">
    <kw name="Suite Setup" type="setup">
      <msg timestamp="20241221 00:00:00.000" level="INFO">Suite Suite_Regression_TeamAlpha initialized — team TeamAlpha</msg>
      <status status="PASS" starttime="20241221 00:00:00.000" endtime="20241221 00:00:00.110"/>
    </kw>
    <test id="s1-t1" name="TC_Login_ValidCredentials">
      <tag>alpha_regression</tag>
      <tag>feature_login</tag>
      <tag>priority_high</tag>
      <kw name="Run Test Steps" library="SeleniumLibrary">
        <msg timestamp="20241221 00:00:00.510" level="INFO">Executing TC_Login_ValidCredentials</msg>
        <status status="PASS" starttime="20241221 00:00:00.310" endtime="20241221 00:00:01.711"/>
      </kw>
      <status status="PASS" starttime="20241221 00:00:00.310" endtime="20241221 00:00:01.711"/>
    </test>
    <test id="s1-t2" name="TC_Login_InvalidPassword">
      <tag>alpha_regression</tag>
      <tag>feature_login</tag>
      <tag>priority_high</tag>
      <kw name="Run Test Steps" library="SeleniumLibrary">
        <msg timestamp="20241221 00:00:02.196" level="INFO">Executing TC_Login_InvalidPassword</msg>
        <status status="PASS" starttime="20241221 00:00:01.996" endtime="20241221 00:00:04.660"/>
      </kw>
      <status status="PASS" starttime="20241221 00:00:01.996" endtime="20241221 00:00:04.660"/>
    </test>
    <test id="s1-t3" name="TC_Login_SessionTimeout">
      <tag>alpha_regression</tag>
      <tag>feature_login</tag>
      <tag>priority_high</tag>
      <kw name="Run Test Steps" library="SeleniumLibrary">
        <msg timestamp="20241221 00:00:05.149" level="INFO">Executing TC_Login_SessionTimeout</msg>
        <status status="PASS" starttime="20241221 00:00:04.949" endtime="20241221 00:00:07.546"/>
      </kw>
      <status status="PASS" starttime="20241221 00:00:04.949" endtime="20241221 00:00:07.546"/>
    </test>
    <test id="s1-t4" name="TC_Login_AccountLockout">
      <tag>alpha_regression</tag>
      <tag>feature_login</tag>
      <tag>priority_medium</tag>
      <kw name="Run Test Steps" library="SeleniumLibrary">
        <msg timestamp="20241221 00:00:07.927" level="INFO">Executing TC_Login_AccountLockout</msg>
        <status status="PASS" starttime="20241221 00:00:07.727" endtime="20241221 00:00:10.349"/>
      </kw>
      <status status="PASS" starttime="20241221 00:00:07.727" endtime="20241221 00:00:10.349"/>
    </test>
    <test id="s1-t5" name="TC_Login_MFAVerification">
      <tag>alpha_regression</tag>
      <tag>feature_login</tag>
      <tag>priority_high</tag>
      <kw name="Run Test Steps" library="SeleniumLibrary">
        <msg timestamp="20241221 00:00:10.782" level="INFO">Executing TC_Login_MFAVerification</msg>
        <status status="PASS" starttime="20241221 00:00:10.582" endtime="20241221 00:00:13.451"/>
      </kw>
      <status status="PASS" starttime="20241221 00:00:10.582" endtime="20241221 00:00:13.451"/>
    </test>
    <test id="s1-t6" name="TC_Dashboard_FilterByDate">
      <tag>alpha_regression</tag>
      <tag>feature_dashboard</tag>
      <tag>priority_medium</tag>
      <kw name="Run Test Steps" library="SeleniumLibrary">
        <msg timestamp="20241221 00:00:13.809" level="INFO">Executing TC_Dashboard_FilterByDate</msg>
        <status status="PASS" starttime="20241221 00:00:13.609" endtime="20241221 00:00:16.278"/>
      </kw>
      <status status="PASS" starttime="20241221 00:00:13.609" endtime="20241221 00:00:16.278"/>
    </test>
    <test id="s1-t7" name="TC_Dashboard_Pagination">
      <tag>alpha_regression</tag>
      <tag>feature_dashboard</tag>
      <tag>priority_medium</tag>
      <kw name="Run Test Steps" library="SeleniumLibrary">
        <msg timestamp="20241221 00:00:16.640" level="INFO">Executing TC_Dashboard_Pagination</msg>
        <status status="PASS" starttime="20241221 00:00:16.440" endtime="20241221 00:00:17.981"/>
      </kw>
      <status status="PASS" starttime="20241221 00:00:16.440" endtime="20241221 00:00:17.981"/>
    </test>
    <test id="s1-t8" name="TC_Dashboard_ExportChart">
      <tag>alpha_regression</tag>
      <tag>feature_dashboard</tag>
      <tag>priority_medium</tag>
      <kw name="Run Test Steps" library="SeleniumLibrary">
        <msg timestamp="20241221 00:00:18.451" level="INFO">Executing TC_Dashboard_ExportChart</msg>
        <status status="PASS" starttime="20241221 00:00:18.251" endtime="20241221 00:00:24.518"/>
      </kw>
      <status status="PASS" starttime="20241221 00:00:18.251" endtime="20241221 00:00:24.518"/>
    </test>
    <test id="s1-t9" name="TC_Dashboard_SearchBar">
      <tag>alpha_regression</tag>
      <tag>feature_dashboard</tag>
      <tag>priority_medium</tag>
      <kw name="Run Test Steps" library="SeleniumLibrary">
        <msg timestamp="20241221 00:00:24.996" level="INFO">Executing TC_Dashboard_SearchBar</msg>
        <status status="PASS" starttime="20241221 00:00:24.796" endtime="20241221 00:00:27.440"/>
      </kw>
      <status status="PASS" starttime="20241221 00:00:24.796" endtime="20241221 00:00:27.440"/>
    </test>
    <test id="s1-t10" name="TC_User_CreateAccount">
      <tag>alpha_regression</tag>
      <tag>feature_usermgmt</tag>
      <tag>priority_high</tag>
      <kw name="Run Test Steps" library="SeleniumLibrary">
        <msg timestamp="20241221 00:00:27.837" level="INFO">Executing TC_User_CreateAccount</msg>
        <status status="PASS" starttime="20241221 00:00:27.637" endtime="20241221 00:00:29.729"/>
      </kw>
      <status status="PASS" starttime="20241221 00:00:27.637" endtime="20241221 00:00:29.729"/>
    </test>
    <test id="s1-t11" name="TC_User_EditProfile">
      <tag>alpha_regression</tag>
      <tag>feature_usermgmt</tag>
      <tag>priority_medium</tag>
      <kw name="Run Test Steps" library="SeleniumLibrary">
        <msg timestamp="20241221 00:00:30.190" level="INFO">Executing TC_User_EditProfile</msg>
        <status status="PASS" starttime="20241221 00:00:29.990" endtime="20241221 00:00:31.721"/>
      </kw>
      <status status="PASS" starttime="20241221 00:00:29.990" endtime="20241221 00:00:31.721"/>
    </test>
    <test id="s1-t12" name="TC_User_DeleteAccount">
      <tag>alpha_regression</tag>
      <tag>feature_usermgmt</tag>
      <tag>priority_high</tag>
      <kw name="Run Test Steps" library="SeleniumLibrary">
        <msg timestamp="20241221 00:00:32.038" level="INFO">Executing TC_User_DeleteAccount</msg>
        <status status="PASS" starttime="20241221 00:00:31.838" endtime="20241221 00:00:34.500"/>
      </kw>
      <status status="PASS" starttime="20241221 00:00:31.838" endtime="20241221 00:00:34.500"/>
    </test>
    <test id="s1-t13" name="TC_User_PasswordReset">
      <tag>alpha_regression</tag>
      <tag>feature_usermgmt</tag>
      <tag>priority_medium</tag>
      <kw name="Run Test Steps" library="SeleniumLibrary">
        <msg timestamp="20241221 00:00:34.836" level="INFO">Executing TC_User_PasswordReset</msg>
        <status status="PASS" starttime="20241221 00:00:34.636" endtime="20241221 00:00:37.319"/>
      </kw>
      <status status="PASS" starttime="20241221 00:00:34.636" endtime="20241221 00:00:37.319"/>
    </test>
    <test id="s1-t14" name="TC_Login_SSORedirect">
      <tag>alpha_regression</tag>
      <tag>feature_login</tag>
      <tag>priority_high</tag>
      <kw name="Run Test Steps" library="SeleniumLibrary">
        <msg timestamp="20241221 00:00:37.663" level="INFO">Executing TC_Login_SSORedirect</msg>
        <status status="PASS" starttime="20241221 00:00:37.463" endtime="20241221 00:00:40.202"/>
      </kw>
      <status status="PASS" starttime="20241221 00:00:37.463" endtime="20241221 00:00:40.202"/>
    </test>
    <test id="s1-t15" name="TC_Dashboard_LoadWidget">
      <tag>alpha_regression</tag>
      <tag>feature_dashboard</tag>
      <tag>priority_medium</tag>
      <kw name="Run Test Steps" library="SeleniumLibrary">
        <msg timestamp="20241221 00:00:40.522" level="INFO">Executing TC_Dashboard_LoadWidget</msg>
        <msg level="FAIL">Element with locator 'css=.nav-item' not found after 3 retries</msg>
        <status status="FAIL" starttime="20241221 00:00:40.322" endtime="20241221 00:00:48.309"/>
      </kw>
      <status status="FAIL" starttime="20241221 00:00:40.322" endtime="20241221 00:00:48.309">Element with locator 'css=.nav-item' not found after 3 retries</status>
    </test>
    <test id="s1-t16" name="TC_Dashboard_RefreshData">
      <tag>alpha_regression</tag>
      <tag>feature_dashboard</tag>
      <tag>priority_medium</tag>
      <kw name="Run Test Steps" library="SeleniumLibrary">
        <msg timestamp="20241221 00:00:48.686" level="INFO">Executing TC_Dashboard_RefreshData</msg>
        <msg level="FAIL">CSV export contained 0 rows — expected at least 100 records for last 7 days</msg>
        <status status="FAIL" starttime="20241221 00:00:48.486" endtime="20241221 00:00:57.099"/>
      </kw>
      <status status="FAIL" starttime="20241221 00:00:48.486" endtime="20241221 00:00:57.099">CSV export contained 0 rows — expected at least 100 records for last 7 days</status>
    </test>
    <test id="s1-t17" name="TC_User_BulkImport">
      <tag>alpha_regression</tag>
      <tag>feature_usermgmt</tag>
      <tag>priority_medium</tag>
      <kw name="Run Test Steps" library="SeleniumLibrary">
        <msg timestamp="20241221 00:00:57.495" level="INFO">Executing TC_User_BulkImport</msg>
        <msg level="FAIL">Expected HTTP status '200' but got '503' — Service Unavailable</msg>
        <status status="FAIL" starttime="20241221 00:00:57.295" endtime="20241221 00:01:12.235"/>
      </kw>
      <status status="FAIL" starttime="20241221 00:00:57.295" endtime="20241221 00:01:12.235">Expected HTTP status '200' but got '503' — Service Unavailable</status>
    </test>
    <test id="s1-t18" name="TC_User_RoleAssignment">
      <tag>alpha_regression</tag>
      <tag>feature_usermgmt</tag>
      <tag>priority_high</tag>
      <kw name="Run Test Steps" library="SeleniumLibrary">
        <msg timestamp="20241221 00:01:12.540" level="INFO">Executing TC_User_RoleAssignment</msg>
        <msg level="FAIL">Expected HTTP status '200' but got '404' — Not Found</msg>
        <status status="FAIL" starttime="20241221 00:01:12.340" endtime="20241221 00:01:23.763"/>
      </kw>
      <status status="FAIL" starttime="20241221 00:01:12.340" endtime="20241221 00:01:23.763">Expected HTTP status '200' but got '404' — Not Found</status>
    </test>
    <test id="s1-t19" name="TC_User_BatchExport">
      <tag>alpha_regression</tag>
      <tag>feature_usermgmt</tag>
      <tag>priority_medium</tag>
      <kw name="Run Test Steps" library="SeleniumLibrary">
        <msg timestamp="20241221 00:01:24.204" level="INFO">Executing TC_User_BatchExport</msg>
        <msg level="FAIL">CSV export contained 2 rows — expected at least 100 records for Oct 2024</msg>
        <status status="FAIL" starttime="20241221 00:01:24.004" endtime="20241221 00:01:33.136"/>
      </kw>
      <status status="FAIL" starttime="20241221 00:01:24.004" endtime="20241221 00:01:33.136">CSV export contained 2 rows — expected at least 100 records for Oct 2024</status>
    </test>
    <test id="s1-t20" name="TC_Login_OAuthCallback">
      <tag>alpha_regression</tag>
      <tag>feature_login</tag>
      <tag>priority_high</tag>
      <kw name="Run Test Steps" library="SeleniumLibrary">
        <msg timestamp="20241221 00:01:33.521" level="INFO">Executing TC_Login_OAuthCallback</msg>
        <msg level="FAIL">Element 'session-token' still visible after 30s timeout</msg>
        <status status="FAIL" starttime="20241221 00:01:33.321" endtime="20241221 00:01:41.266"/>
      </kw>
      <status status="FAIL" starttime="20241221 00:01:33.321" endtime="20241221 00:01:41.266">Element 'session-token' still visible after 30s timeout</status>
    </test>
    <status status="FAIL" starttime="20241221 00:00:00.000" endtime="20241221 00:01:41.491" passed="14" failed="6"/>
  </suite>
  <statistics>
    <total>
      <stat pass="14" fail="6">All Tests</stat>
    </total>
    <tag>
      <stat pass="14" fail="6">alpha_regression</stat>
    </tag>
  </statistics>
  <errors/>
</robot>
