<robot generator="Robot 6.1.1 (Python 3.10.12)" generated="20241221 00:00:00.000" rpa="FALSE" schemaversion="4">
  <suite id="s1" name="Suite_Regression_TeamAlpha" source="/opt/ci/tests/alpha/Suite_Regression_TeamAlpha.robot">
    <kw name="Suite Setup" type="setup">
      <msg timestamp="20241221 00:00:00.000" level="INFO">Suite Suite_Regression_TeamAlpha initialized — team TeamAlpha</msg>
      <status status="PASS" starttime="20241221 00:00:00.000" endtime="20241221 00:00:00.110" />
    </kw>
    <test id="s1-t1" name="TC_Login_ValidCredentials">
      <tag>alpha_regression</tag>
      <tag>feature_login</tag>
      <tag>priority_high</tag>
      <kw name="Run Test Steps" library="SeleniumLibrary">
        <msg timestamp="20241221 00:00:00.510" level="INFO">Executing TC_Login_ValidCredentials</msg>
        <status status="PASS" starttime="20241221 00:00:00.310" endtime="20241221 00:00:03.440" />
      </kw>
      <status status="PASS" starttime="20241221 00:00:00.310" endtime="20241221 00:00:03.440" />
    </test>
    <test id="s1-t2" name="TC_Login_InvalidPassword">
      <tag>alpha_regression</tag>
      <tag>feature_login</tag>
      <tag>priority_high</tag>
      <kw name="Run Test Steps" library="SeleniumLibrary">
        <msg timestamp="20241221 00:00:03.934" level="INFO">Executing TC_Login_InvalidPassword</msg>
        <status status="PASS" starttime="20241221 00:00:03.734" endtime="20241221 00:00:06.580" />
      </kw>
      <status status="PASS" starttime="20241221 00:00:03.734" endtime="20241221 00:00:06.580" />
    </test>
    <test id="s1-t3" name="TC_Login_SessionTimeout">
      <tag>alpha_regression</tag>
      <tag>feature_login</tag>
      <tag>priority_high</tag>
      <kw name="Run Test Steps" library="SeleniumLibrary">
        <msg timestamp="20241221 00:00:06.970" level="INFO">Executing TC_Login_SessionTimeout</msg>
        <status status="PASS" starttime="20241221 00:00:06.770" endtime="20241221 00:00:14.525" />
      </kw>
      <status status="PASS" starttime="20241221 00:00:06.770" endtime="20241221 00:00:14.525" />
    </test>
    <test id="s1-t4" name="TC_Login_AccountLockout">
      <tag>alpha_regression</tag>
      <tag>feature_login</tag>
      <tag>priority_medium</tag>
      <kw name="Run Test Steps" library="SeleniumLibrary">
        <msg timestamp="20241221 00:00:14.953" level="INFO">Executing TC_Login_AccountLockout</msg>
        <status status="PASS" starttime="20241221 00:00:14.753" endtime="20241221 00:00:20.919" />
      </kw>
      <status status="PASS" starttime="20241221 00:00:14.753" endtime="20241221 00:00:20.919" />
    </test>
    <test id="s1-t5" name="TC_Login_MFAVerification">
      <tag>alpha_regression</tag>
      <tag>feature_login</tag>
      <tag>priority_high</tag>
      <kw name="Run Test Steps" library="SeleniumLibrary">
        <msg timestamp="20241221 00:00:21.289" level="INFO">Executing TC_Login_MFAVerification</msg>
        <status status="PASS" starttime="20241221 00:00:21.089" endtime="20241221 00:00:22.687" />
      </kw>
      <status status="PASS" starttime="20241221 00:00:21.089" endtime="20241221 00:00:22.687" />
    </test>
    <test id="s1-t6" name="TC_Dashboard_FilterByDate">
      <tag>alpha_regression</tag>
      <tag>feature_dashboard</tag>
      <tag>priority_medium</tag>
      <kw name="Run Test Steps" library="SeleniumLibrary">
        <msg timestamp="20241221 00:00:23.082" level="INFO">Executing TC_Dashboard_FilterByDate</msg>
        <status status="PASS" starttime="20241221 00:00:22.882" endtime="20241221 00:00:26.602" />
      </kw>
      <status status="PASS" starttime="20241221 00:00:22.882" endtime="20241221 00:00:26.602" />
    </test>
    <test id="s1-t7" name="TC_Dashboard_Pagination">
      <tag>alpha_regression</tag>
      <tag>feature_dashboard</tag>
      <tag>priority_medium</tag>
      <kw name="Run Test Steps" library="SeleniumLibrary">
        <msg timestamp="20241221 00:00:27.026" level="INFO">Executing TC_Dashboard_Pagination</msg>
        <status status="PASS" starttime="20241221 00:00:26.826" endtime="20241221 00:00:31.687" />
      </kw>
      <status status="PASS" starttime="20241221 00:00:26.826" endtime="20241221 00:00:31.687" />
    </test>
    <test id="s1-t8" name="TC_Dashboard_ExportChart">
      <tag>alpha_regression</tag>
      <tag>feature_dashboard</tag>
      <tag>priority_medium</tag>
      <kw name="Run Test Steps" library="SeleniumLibrary">
        <msg timestamp="20241221 00:00:32.018" level="INFO">Executing TC_Dashboard_ExportChart</msg>
        <status status="PASS" starttime="20241221 00:00:31.818" endtime="20241221 00:00:45.228" />
      </kw>
      <status status="PASS" starttime="20241221 00:00:31.818" endtime="20241221 00:00:45.228" />
    </test>
    <test id="s1-t9" name="TC_Dashboard_SearchBar">
      <tag>alpha_regression</tag>
      <tag>feature_dashboard</tag>
      <tag>priority_medium</tag>
      <kw name="Run Test Steps" library="SeleniumLibrary">
        <msg timestamp="20241221 00:00:45.664" level="INFO">Executing TC_Dashboard_SearchBar</msg>
        <status status="PASS" starttime="20241221 00:00:45.464" endtime="20241221 00:00:51.616" />
      </kw>
      <status status="PASS" starttime="20241221 00:00:45.464" endtime="20241221 00:00:51.616" />
    </test>
    <test id="s1-t10" name="TC_User_CreateAccount">
      <tag>alpha_regression</tag>
      <tag>feature_usermgmt</tag>
      <tag>priority_high</tag>
      <kw name="Run Test Steps" library="SeleniumLibrary">
        <msg timestamp="20241221 00:00:52.052" level="INFO">Executing TC_User_CreateAccount</msg>
        <status status="PASS" starttime="20241221 00:00:51.852" endtime="20241221 00:00:59.618" />
      </kw>
      <status status="PASS" starttime="20241221 00:00:51.852" endtime="20241221 00:00:59.618" />
    </test>
    <test id="s1-t11" name="TC_User_EditProfile">
      <tag>alpha_regression</tag>
      <tag>feature_usermgmt</tag>
      <tag>priority_medium</tag>
      <kw name="Run Test Steps" library="SeleniumLibrary">
        <msg timestamp="20241221 00:01:00.033" level="INFO">Executing TC_User_EditProfile</msg>
        <status status="PASS" starttime="20241221 00:00:59.833" endtime="20241221 00:01:05.566" />
      </kw>
      <status status="PASS" starttime="20241221 00:00:59.833" endtime="20241221 00:01:05.566" />
    </test>
    <test id="s1-t12" name="TC_User_DeleteAccount">
      <tag>alpha_regression</tag>
      <tag>feature_usermgmt</tag>
      <tag>priority_high</tag>
      <kw name="Run Test Steps" library="SeleniumLibrary">
        <msg timestamp="20241221 00:01:06.038" level="INFO">Executing TC_User_DeleteAccount</msg>
        <status status="PASS" starttime="20241221 00:01:05.838" endtime="20241221 00:01:13.939" />
      </kw>
      <status status="PASS" starttime="20241221 00:01:05.838" endtime="20241221 00:01:13.939" />
    </test>
    <test id="s1-t13" name="TC_User_PasswordReset">
      <tag>alpha_regression</tag>
      <tag>feature_usermgmt</tag>
      <tag>priority_medium</tag>
      <kw name="Run Test Steps" library="SeleniumLibrary">
        <msg timestamp="20241221 00:01:14.255" level="INFO">Executing TC_User_PasswordReset</msg>
        <status status="PASS" starttime="20241221 00:01:14.055" endtime="20241221 00:01:16.630" />
      </kw>
      <status status="PASS" starttime="20241221 00:01:14.055" endtime="20241221 00:01:16.630" />
    </test>
    <test id="s1-t14" name="TC_Login_SSORedirect">
      <tag>alpha_regression</tag>
      <tag>feature_login</tag>
      <tag>priority_high</tag>
      <kw name="Run Test Steps" library="SeleniumLibrary">
        <msg timestamp="20241221 00:01:17.047" level="INFO">Executing TC_Login_SSORedirect</msg>
        <status status="PASS" starttime="20241221 00:01:16.847" endtime="20241221 00:01:18.684" />
      </kw>
      <status status="PASS" starttime="20241221 00:01:16.847" endtime="20241221 00:01:18.684" />
    </test>
    <test id="s1-t15" name="TC_Dashboard_LoadWidget">
      <tag>alpha_regression</tag>
      <tag>feature_dashboard</tag>
      <tag>priority_medium</tag>
      <kw name="Run Test Steps" library="SeleniumLibrary">
        <msg timestamp="20241221 00:01:19.084" level="INFO">Executing TC_Dashboard_LoadWidget</msg>
        <status status="PASS" starttime="20241221 00:01:18.884" endtime="20241221 00:01:26.639" />
      </kw>
      <status status="PASS" starttime="20241221 00:01:18.884" endtime="20241221 00:01:26.639" />
    </test>
    <test id="s1-t16" name="TC_Dashboard_RefreshData">
      <tag>alpha_regression</tag>
      <tag>feature_dashboard</tag>
      <tag>priority_medium</tag>
      <kw name="Run Test Steps" library="SeleniumLibrary">
        <msg timestamp="20241221 00:01:27.012" level="INFO">Executing TC_Dashboard_RefreshData</msg>
        <status status="PASS" starttime="20241221 00:01:26.812" endtime="20241221 00:01:35.007" />
      </kw>
      <status status="PASS" starttime="20241221 00:01:26.812" endtime="20241221 00:01:35.007" />
    </test>
    <test id="s1-t17" name="TC_User_BulkImport">
      <tag>alpha_regression</tag>
      <tag>feature_usermgmt</tag>
      <tag>priority_medium</tag>
      <kw name="Run Test Steps" library="SeleniumLibrary">
        <msg timestamp="20241221 00:01:35.326" level="INFO">Executing TC_User_BulkImport</msg>
        <msg timestamp="20241221 00:02:11.722" level="FAIL">CSV export contained 1 rows — expected at least 50 records for last 30 days</msg>
        <status status="FAIL" starttime="20241221 00:01:35.126" endtime="20241221 00:02:11.760" />
      </kw>
      <kw name="Should Not Be Empty" library="BuiltIn">
        <msg timestamp="20241221 00:02:11.722" level="FAIL">CSV export contained 1 rows — expected at least 50 records for last 30 days</msg>
        <status status="FAIL" starttime="20241221 00:02:11.670" endtime="20241221 00:02:11.722" />
      </kw>
      <status status="FAIL" starttime="20241221 00:01:35.126" endtime="20241221 00:02:11.760">CSV export contained 1 rows — expected at least 50 records for last 30 days</status>
    </test>
    <test id="s1-t18" name="TC_User_RoleAssignment">
      <tag>alpha_regression</tag>
      <tag>feature_usermgmt</tag>
      <tag>priority_high</tag>
      <kw name="Run Test Steps" library="SeleniumLibrary">
        <msg timestamp="20241221 00:02:12.065" level="INFO">Executing TC_User_RoleAssignment</msg>
        <msg timestamp="20241221 00:02:29.866" level="FAIL">Expected HTTP status '200' but got '404' — Not Found</msg>
        <status status="FAIL" starttime="20241221 00:02:11.865" endtime="20241221 00:02:29.901" />
      </kw>
      <kw name="Should Be Equal As Integers" library="BuiltIn">
        <msg timestamp="20241221 00:02:29.866" level="FAIL">Expected HTTP status '200' but got '404' — Not Found</msg>
        <status status="FAIL" starttime="20241221 00:02:29.829" endtime="20241221 00:02:29.866" />
      </kw>
      <status status="FAIL" starttime="20241221 00:02:11.865" endtime="20241221 00:02:29.901">Expected HTTP status '200' but got '404' — Not Found</status>
    </test>
    <test id="s1-t19" name="TC_User_BatchExport">
      <tag>alpha_regression</tag>
      <tag>feature_usermgmt</tag>
      <tag>priority_medium</tag>
      <kw name="Run Test Steps" library="SeleniumLibrary">
        <msg timestamp="20241221 00:02:30.308" level="INFO">Executing TC_User_BatchExport</msg>
        <msg timestamp="20241221 00:02:45.957" level="FAIL">CSV export contained 0 rows — expected at least 50 records for last 30 days</msg>
        <status status="FAIL" starttime="20241221 00:02:30.108" endtime="20241221 00:02:45.995" />
      </kw>
      <kw name="Should Not Be Empty" library="BuiltIn">
        <msg timestamp="20241221 00:02:45.957" level="FAIL">CSV export contained 0 rows — expected at least 50 records for last 30 days</msg>
        <status status="FAIL" starttime="20241221 00:02:45.904" endtime="20241221 00:02:45.957" />
      </kw>
      <status status="FAIL" starttime="20241221 00:02:30.108" endtime="20241221 00:02:45.995">CSV export contained 0 rows — expected at least 50 records for last 30 days</status>
    </test>
    <test id="s1-t20" name="TC_Login_OAuthCallback">
      <tag>alpha_regression</tag>
      <tag>feature_login</tag>
      <tag>priority_high</tag>
      <kw name="Run Test Steps" library="SeleniumLibrary">
        <msg timestamp="20241221 00:02:46.380" level="INFO">Executing TC_Login_OAuthCallback</msg>
        <status status="PASS" starttime="20241221 00:02:46.180" endtime="20241221 00:02:50.385" />
      </kw>
      <status status="PASS" starttime="20241221 00:02:46.180" endtime="20241221 00:02:50.385" />
    </test>
    <status status="FAIL" starttime="20241221 00:00:00.000" endtime="20241221 00:02:50.572" passed="17" failed="3" />
  </suite>
  <statistics>
    <total>
      <stat pass="17" fail="3">All Tests</stat>
    </total>
    <tag>
      <stat pass="17" fail="3">alpha_regression</stat>
    </tag>
  </statistics>
  <errors />
</robot>